2019-07-07 00:49:10,022 INFO  DownloadService - Downloading "https://github.com/SergioDim3nsions/RealmContactsForAndroid/archive/master.zip", attempt 3
2019-07-07 00:50:10,613 INFO  GithubDownloadService - Could not find ZIP archive for master branch
2019-07-07 00:50:11,479 INFO  GithubDownloadService - Default branch of this repository: master
2019-07-07 00:50:11,479 INFO  DownloadService - Downloading "https://github.com/SergioDim3nsions/RealmContactsForAndroid/archive/master.zip", attempt 3
2019-07-07 00:51:12,907 DEBUG FullProcessService - Repository https://github.com/SergioDim3nsions/RealmContactsForAndroid available: true
2019-07-07 00:51:12,907 INFO  FullProcessService - Could not download ZIP file from Github, lets clone it
2019-07-07 00:51:12,907 INFO  SysUtils - Execute command: [git, clone, -q, --single-branch, --depth, 1, https://github.com/SergioDim3nsions/RealmContactsForAndroid, /var/folders/bq/vtzpc5ns5sg2cthy61lqpg3dfzgbys/T/1562435350020-0/src]
2019-07-07 00:51:14,761 INFO  SysUtils - 
2019-07-07 00:51:14,769 INFO  GitService - Deleted "/var/folders/bq/vtzpc5ns5sg2cthy61lqpg3dfzgbys/T/1562435350020-0/src/.git": true
2019-07-07 00:51:14,774 INFO  FullProcessService - Size of directory with sources: 194 KB
2019-07-07 00:51:14,774 INFO  SysUtils - Execute command: [git, init, /var/folders/bq/vtzpc5ns5sg2cthy61lqpg3dfzgbys/T/1562435350020-0/src]
2019-07-07 00:51:14,790 INFO  SysUtils - Initialized empty Git repository in /private/var/folders/bq/vtzpc5ns5sg2cthy61lqpg3dfzgbys/T/1562435350020-0/src/.git/

2019-07-07 00:51:14,794 INFO  ProjectBuildService - Gradle wrapper(s): /var/folders/bq/vtzpc5ns5sg2cthy61lqpg3dfzgbys/T/1562435350020-0/src/gradlew
2019-07-07 00:51:14,799 INFO  ProjectBuildService - Build script(s): /var/folders/bq/vtzpc5ns5sg2cthy61lqpg3dfzgbys/T/1562435350020-0/src/app/build.gradle /var/folders/bq/vtzpc5ns5sg2cthy61lqpg3dfzgbys/T/1562435350020-0/src/data/build.gradle /var/folders/bq/vtzpc5ns5sg2cthy61lqpg3dfzgbys/T/1562435350020-0/src/build.gradle /var/folders/bq/vtzpc5ns5sg2cthy61lqpg3dfzgbys/T/1562435350020-0/src/domain/build.gradle /var/folders/bq/vtzpc5ns5sg2cthy61lqpg3dfzgbys/T/1562435350020-0/src/presentation/build.gradle /var/folders/bq/vtzpc5ns5sg2cthy61lqpg3dfzgbys/T/1562435350020-0/src/repository/build.gradle
2019-07-07 00:51:14,803 INFO  ProjectBuildService - All script(s): /var/folders/bq/vtzpc5ns5sg2cthy61lqpg3dfzgbys/T/1562435350020-0/src/repository/build.gradle /var/folders/bq/vtzpc5ns5sg2cthy61lqpg3dfzgbys/T/1562435350020-0/src/app/build.gradle /var/folders/bq/vtzpc5ns5sg2cthy61lqpg3dfzgbys/T/1562435350020-0/src/build.gradle /var/folders/bq/vtzpc5ns5sg2cthy61lqpg3dfzgbys/T/1562435350020-0/src/settings.gradle /var/folders/bq/vtzpc5ns5sg2cthy61lqpg3dfzgbys/T/1562435350020-0/src/data/build.gradle /var/folders/bq/vtzpc5ns5sg2cthy61lqpg3dfzgbys/T/1562435350020-0/src/domain/build.gradle /var/folders/bq/vtzpc5ns5sg2cthy61lqpg3dfzgbys/T/1562435350020-0/src/presentation/build.gradle
2019-07-07 00:51:14,803 INFO  ProjectBuildService - Remote scripts: none
2019-07-07 00:51:14,803 INFO  ProjectFixService - Fixing project...
2019-07-07 00:51:14,813 INFO  LocalPropertiesFixService - Created fake /var/folders/bq/vtzpc5ns5sg2cthy61lqpg3dfzgbys/T/1562435350020-0/src/app/local.properties
2019-07-07 00:51:14,815 INFO  ProjectFixService - Build info for "/var/folders/bq/vtzpc5ns5sg2cthy61lqpg3dfzgbys/T/1562435350020-0/src/app/build.gradle": [buildToolsVersion=<null>,compileSdkVersion=<null>,minSdkVersion=<null>,targetSdkVersion=<null>]
2019-07-07 00:51:14,815 INFO  ProjectFixService - Fixed build info for "/var/folders/bq/vtzpc5ns5sg2cthy61lqpg3dfzgbys/T/1562435350020-0/src/app/build.gradle": [buildToolsVersion=28.0.0-rc2,compileSdkVersion=29,minSdkVersion=29,targetSdkVersion=29]
2019-07-07 00:51:14,816 INFO  LocalPropertiesFixService - Created fake /var/folders/bq/vtzpc5ns5sg2cthy61lqpg3dfzgbys/T/1562435350020-0/src/data/local.properties
2019-07-07 00:51:14,818 INFO  ProjectFixService - Build info for "/var/folders/bq/vtzpc5ns5sg2cthy61lqpg3dfzgbys/T/1562435350020-0/src/data/build.gradle": [buildToolsVersion=<null>,compileSdkVersion=<null>,minSdkVersion=<null>,targetSdkVersion=<null>]
2019-07-07 00:51:14,818 INFO  ProjectFixService - Fixed build info for "/var/folders/bq/vtzpc5ns5sg2cthy61lqpg3dfzgbys/T/1562435350020-0/src/data/build.gradle": [buildToolsVersion=28.0.0-rc2,compileSdkVersion=29,minSdkVersion=29,targetSdkVersion=29]
2019-07-07 00:51:14,818 INFO  LocalPropertiesFixService - Created fake /var/folders/bq/vtzpc5ns5sg2cthy61lqpg3dfzgbys/T/1562435350020-0/src/local.properties
2019-07-07 00:51:14,819 INFO  WrapperPropertiesFixService - Gradle wrapper: https://services.gradle.org/distributions/gradle-2.8-all.zip
2019-07-07 00:51:14,819 INFO  WrapperPropertiesFixService - Gradle wrapper was changed from "-all.zip" to "-bin.zip" (https://services.gradle.org/distributions/gradle-2.8-bin.zip)
2019-07-07 00:51:14,821 INFO  ProjectFixService - Build info for "/var/folders/bq/vtzpc5ns5sg2cthy61lqpg3dfzgbys/T/1562435350020-0/src/build.gradle": [buildToolsVersion=<null>,compileSdkVersion=<null>,minSdkVersion=<null>,targetSdkVersion=<null>]
2019-07-07 00:51:14,821 INFO  ProjectFixService - Fixed build info for "/var/folders/bq/vtzpc5ns5sg2cthy61lqpg3dfzgbys/T/1562435350020-0/src/build.gradle": [buildToolsVersion=28.0.0-rc2,compileSdkVersion=29,minSdkVersion=29,targetSdkVersion=29]
2019-07-07 00:51:14,822 INFO  LocalPropertiesFixService - Created fake /var/folders/bq/vtzpc5ns5sg2cthy61lqpg3dfzgbys/T/1562435350020-0/src/domain/local.properties
2019-07-07 00:51:14,823 INFO  ProjectFixService - Build info for "/var/folders/bq/vtzpc5ns5sg2cthy61lqpg3dfzgbys/T/1562435350020-0/src/domain/build.gradle": [buildToolsVersion=<null>,compileSdkVersion=<null>,minSdkVersion=<null>,targetSdkVersion=<null>]
2019-07-07 00:51:14,824 INFO  ProjectFixService - Fixed build info for "/var/folders/bq/vtzpc5ns5sg2cthy61lqpg3dfzgbys/T/1562435350020-0/src/domain/build.gradle": [buildToolsVersion=28.0.0-rc2,compileSdkVersion=29,minSdkVersion=29,targetSdkVersion=29]
2019-07-07 00:51:14,824 INFO  LocalPropertiesFixService - Created fake /var/folders/bq/vtzpc5ns5sg2cthy61lqpg3dfzgbys/T/1562435350020-0/src/presentation/local.properties
2019-07-07 00:51:14,826 INFO  ProjectFixService - Build info for "/var/folders/bq/vtzpc5ns5sg2cthy61lqpg3dfzgbys/T/1562435350020-0/src/presentation/build.gradle": [buildToolsVersion=<null>,compileSdkVersion=<null>,minSdkVersion=<null>,targetSdkVersion=<null>]
2019-07-07 00:51:14,826 INFO  ProjectFixService - Fixed build info for "/var/folders/bq/vtzpc5ns5sg2cthy61lqpg3dfzgbys/T/1562435350020-0/src/presentation/build.gradle": [buildToolsVersion=28.0.0-rc2,compileSdkVersion=29,minSdkVersion=29,targetSdkVersion=29]
2019-07-07 00:51:14,827 INFO  LocalPropertiesFixService - Created fake /var/folders/bq/vtzpc5ns5sg2cthy61lqpg3dfzgbys/T/1562435350020-0/src/repository/local.properties
2019-07-07 00:51:14,829 INFO  ProjectFixService - Build info for "/var/folders/bq/vtzpc5ns5sg2cthy61lqpg3dfzgbys/T/1562435350020-0/src/repository/build.gradle": [buildToolsVersion=<null>,compileSdkVersion=<null>,minSdkVersion=<null>,targetSdkVersion=<null>]
2019-07-07 00:51:14,829 INFO  ProjectFixService - Fixed build info for "/var/folders/bq/vtzpc5ns5sg2cthy61lqpg3dfzgbys/T/1562435350020-0/src/repository/build.gradle": [buildToolsVersion=28.0.0-rc2,compileSdkVersion=29,minSdkVersion=29,targetSdkVersion=29]
2019-07-07 00:51:14,829 INFO  ProjectFixService - Project was maybe fixed
2019-07-07 00:51:14,829 INFO  ProjectTaskService - Detecting possible tasks...
2019-07-07 00:51:14,829 INFO  SysUtils - Execute command: [/var/folders/bq/vtzpc5ns5sg2cthy61lqpg3dfzgbys/T/1562435350020-0/src/gradlew, -b, /var/folders/bq/vtzpc5ns5sg2cthy61lqpg3dfzgbys/T/1562435350020-0/src/app/build.gradle, -Dorg.gradle.daemon=false, -Dorg.gradle.daemon.performance.enable-monitoring=false, -Dorg.gradle.configureondemand=true, tasks]
2019-07-07 00:51:28,979 INFO  ProjectTaskService - Detected possible tasks: 68
2019-07-07 00:51:28,979 INFO  ProjectTaskService - Excluded tasks (19): lintDebug mockableAndroidJar deviceCheck lint testReleaseUnitTest uninstallRelease deviceAndroidTest uninstallDebugAndroidTest installDebugAndroidTest connectedCheck connectedDebugAndroidTest uninstallAll test check testDebugUnitTest connectedAndroidTest installDebug lintRelease uninstallDebug
2019-07-07 00:51:28,979 INFO  SysUtils - Execute command: [/var/folders/bq/vtzpc5ns5sg2cthy61lqpg3dfzgbys/T/1562435350020-0/src/gradlew, -b, /var/folders/bq/vtzpc5ns5sg2cthy61lqpg3dfzgbys/T/1562435350020-0/src/app/build.gradle, -Dorg.gradle.daemon=false, -Dorg.gradle.daemon.performance.enable-monitoring=false, -Dorg.gradle.configureondemand=true, --stacktrace, -x, lintDebug, -x, mockableAndroidJar, -x, deviceCheck, -x, lint, -x, testReleaseUnitTest, -x, uninstallRelease, -x, deviceAndroidTest, -x, uninstallDebugAndroidTest, -x, installDebugAndroidTest, -x, connectedCheck, -x, connectedDebugAndroidTest, -x, uninstallAll, -x, test, -x, check, -x, testDebugUnitTest, -x, connectedAndroidTest, -x, installDebug, -x, lintRelease, -x, uninstallDebug, build]
2019-07-07 00:51:39,523 ERROR SysUtils - Could not process external command
org.apache.commons.exec.ExecuteException: Process exited with an error: 1 (Exit value: 1)
	at org.apache.commons.exec.DefaultExecutor.executeInternal(DefaultExecutor.java:404)
	at org.apache.commons.exec.DefaultExecutor.execute(DefaultExecutor.java:166)
	at com.github.vbauer.apkmaster.util.SysUtils.execute(SysUtils.java:67)
	at com.github.vbauer.apkmaster.util.SysUtils.executeSimple(SysUtils.java:43)
	at com.github.vbauer.apkmaster.service.assembly.ProjectBuildService.buildProject(ProjectBuildService.java:78)
	at com.github.vbauer.apkmaster.service.assembly.ProjectBuildService.buildProject(ProjectBuildService.java:64)
	at com.github.vbauer.apkmaster.service.assembly.ProjectBuildService.buildProject(ProjectBuildService.java:43)
	at com.github.vbauer.apkmaster.service.FullProcessService.build(FullProcessService.java:84)
	at com.github.vbauer.apkmaster.service.FullProcessService.process(FullProcessService.java:34)
	at com.github.vbauer.apkmaster.app.MainApplication.process(MainApplication.java:38)
	at com.github.vbauer.apkmaster.app.MainApplication.main(MainApplication.java:20)
	at sun.reflect.GeneratedMethodAccessor9.invoke(Unknown Source)
	at sun.reflect.DelegatingMethodAccessorImpl.invoke(DelegatingMethodAccessorImpl.java:43)
	at java.lang.reflect.Method.invoke(Method.java:498)
	at com.android.arsenal.util.ReflectionUtils.invoke(ReflectionUtils.java:52)
	at com.android.arsenal.util.ApkMasterUtils.main(ApkMasterUtils.java:30)
	at com.android.arsenal.service.processor.impl.BuildProcessorServiceImpl.buildProject(BuildProcessorServiceImpl.java:196)
	at com.android.arsenal.service.processor.impl.BuildProcessorServiceImpl.build(BuildProcessorServiceImpl.java:130)
	at com.android.arsenal.service.processor.impl.BuildProcessorServiceImpl.lambda$createTasks$1(BuildProcessorServiceImpl.java:113)
	at java.util.concurrent.FutureTask.run(FutureTask.java:266)
	at java.util.concurrent.Executors$RunnableAdapter.call(Executors.java:511)
	at java.util.concurrent.FutureTask.run(FutureTask.java:266)
	at java.util.concurrent.ThreadPoolExecutor.runWorker(ThreadPoolExecutor.java:1149)
	at java.util.concurrent.ThreadPoolExecutor$Worker.run(ThreadPoolExecutor.java:624)
	at java.lang.Thread.run(Thread.java:748)
2019-07-07 00:51:39,523 INFO  SysUtils - Configuration on demand is an incubating feature.
:app:preBuild UP-TO-DATE
:app:preDebugBuild UP-TO-DATE
:app:checkDebugManifest
:app:preReleaseBuild UP-TO-DATE
:data:preBuild UP-TO-DATE
:data:preReleaseBuild UP-TO-DATE
:data:compileReleaseNdk UP-TO-DATE
:data:compileLint
:data:copyReleaseLint UP-TO-DATE
:data:mergeReleaseProguardFiles
:data:packageReleaseRenderscript UP-TO-DATE
:data:checkReleaseManifest
:data:prepareReleaseDependencies
:data:compileReleaseRenderscript
:data:generateReleaseResValues
:data:generateReleaseResources
:data:packageReleaseResources
:data:compileReleaseAidl
:data:generateReleaseBuildConfig
:data:generateReleaseAssets UP-TO-DATE
:data:mergeReleaseAssets
:data:processReleaseManifest
:data:processReleaseResources
:data:generateReleaseSources
:domain:compileJava
:domain:processResources UP-TO-DATE
:domain:classes
:domain:jar
:repository:compileJava
:repository:processResources UP-TO-DATE
:repository:classes
:repository:jar
:data:compileReleaseJavaWithJavacNote: Version 5.12.0 of Realm is now available: http://static.realm.io/downloads/java/latest
Note: Processing class DataBaseContact
Note: Creating DefaultRealmModule
Note: /private/var/folders/bq/vtzpc5ns5sg2cthy61lqpg3dfzgbys/T/1562435350020-0/src/data/build/intermediates/classes/release/io/realm/DataBaseContactRealmProxy.java uses unchecked or unsafe operations.
Note: Recompile with -Xlint:unchecked for details.

:data:processReleaseJavaRes UP-TO-DATE
:data:transformResourcesWithMergeJavaResForRelease
:data:transformClassesAndResourcesWithSyncLibJarsForRelease
:data:mergeReleaseJniLibFolders
:data:transformNative_libsWithMergeJniLibsForRelease
:data:transformNative_libsWithSyncJniLibsForRelease
:data:bundleRelease
:presentation:compileJava
:presentation:processResources UP-TO-DATE
:presentation:classes
:presentation:jar
:app:prepareComAndroidSupportAppcompatV72311Library
:app:prepareComAndroidSupportDesign2311Library
:app:prepareComAndroidSupportRecyclerviewV72311Library
:app:prepareComAndroidSupportSupportV42311Library
:app:prepareComGithubCmc00022Easyrecycleradapters108Library
:app:prepareJpWasabeefRecyclerviewAnimators110Library
:app:prepareSrcDataUnspecifiedLibrary
:app:prepareUkCoChrisjenxCalligraphy210Library
:app:prepareDebugDependencies
:app:compileDebugAidl
:app:compileDebugRenderscript
:app:generateDebugBuildConfig
:app:generateDebugAssets UP-TO-DATE
:app:mergeDebugAssets
:app:generateDebugResValues
:app:generateDebugResources
:app:mergeDebugResources
:app:processDebugManifest
:app:processDebugResources
:app:generateDebugSources
:data:preDebugBuild UP-TO-DATE
:data:compileDebugNdk UP-TO-DATE
:data:copyDebugLint UP-TO-DATE
:data:mergeDebugProguardFiles
:data:packageDebugRenderscript UP-TO-DATE
:data:checkDebugManifest
:data:prepareDebugDependencies
:data:compileDebugRenderscript
:data:generateDebugResValues
:data:generateDebugResources
:data:packageDebugResources
:data:compileDebugAidl
:data:generateDebugBuildConfig
:data:generateDebugAssets UP-TO-DATE
:data:mergeDebugAssets
:data:processDebugManifest
:data:processDebugResources
:data:generateDebugSources
:data:compileDebugJavaWithJavacNote: Version 5.12.0 of Realm is now available: http://static.realm.io/downloads/java/latest
Note: Processing class DataBaseContact
Note: Creating DefaultRealmModule
Note: /private/var/folders/bq/vtzpc5ns5sg2cthy61lqpg3dfzgbys/T/1562435350020-0/src/data/build/intermediates/classes/debug/io/realm/DataBaseContactRealmProxy.java uses unchecked or unsafe operations.
Note: Recompile with -Xlint:unchecked for details.

:data:processDebugJavaRes UP-TO-DATE
:data:transformResourcesWithMergeJavaResForDebug
:data:transformClassesAndResourcesWithSyncLibJarsForDebug
:data:mergeDebugJniLibFolders
:data:transformNative_libsWithMergeJniLibsForDebug
:data:transformNative_libsWithSyncJniLibsForDebug
:data:bundleDebug
:app:compileDebugJavaWithJavacNote: /private/var/folders/bq/vtzpc5ns5sg2cthy61lqpg3dfzgbys/T/1562435350020-0/src/app/src/main/java/sergio/vasco/realmforandroid/app/domain/InteractorJobImp.java uses or overrides a deprecated API.
Note: Recompile with -Xlint:deprecation for details.
Note: Some input files use unchecked or unsafe operations.
Note: Recompile with -Xlint:unchecked for details.

:app:compileDebugNdk UP-TO-DATE
:app:compileDebugSources
:app:transformClassesWithDexForDebug
UNEXPECTED TOP-LEVEL EXCEPTION:
java.lang.RuntimeException: Exception parsing classes
	at com.android.dx.command.dexer.Main.processClass(Main.java:752)
	at com.android.dx.command.dexer.Main.processFileBytes(Main.java:718)
	at com.android.dx.command.dexer.Main.access$1200(Main.java:85)
	at com.android.dx.command.dexer.Main$FileBytesConsumer.processFileBytes(Main.java:1645)
	at com.android.dx.cf.direct.ClassPathOpener.processArchive(ClassPathOpener.java:284)
	at com.android.dx.cf.direct.ClassPathOpener.processOne(ClassPathOpener.java:166)
	at com.android.dx.cf.direct.ClassPathOpener.process(ClassPathOpener.java:144)
	at com.android.dx.command.dexer.Main.processOne(Main.java:672)
	at com.android.dx.command.dexer.Main.processAllFiles(Main.java:574)
	at com.android.dx.command.dexer.Main.runMonoDex(Main.java:311)
	at com.android.dx.command.dexer.Main.run(Main.java:277)
	at com.android.dx.command.dexer.Main.main(Main.java:245)
	at com.android.dx.command.Main.main(Main.java:106)
Caused by: com.android.dx.cf.iface.ParseException: bad class file magic (cafebabe) or version (0034.0000)
	at com.android.dx.cf.direct.DirectClassFile.parse0(DirectClassFile.java:472)
	at com.android.dx.cf.direct.DirectClassFile.parse(DirectClassFile.java:406)
	at com.android.dx.cf.direct.DirectClassFile.parseToInterfacesIfNecessary(DirectClassFile.java:388)
	at com.android.dx.cf.direct.DirectClassFile.getMagic(DirectClassFile.java:251)
	at com.android.dx.command.dexer.Main.parseClass(Main.java:764)
	at com.android.dx.command.dexer.Main.access$1500(Main.java:85)
	at com.android.dx.command.dexer.Main$ClassParserTask.call(Main.java:1684)
	at com.android.dx.command.dexer.Main.processClass(Main.java:749)
	... 12 more
1 error; aborting

 FAILED

FAILURE: Build failed with an exception.

* What went wrong:
Execution failed for task ':app:transformClassesWithDexForDebug'.
> com.android.ide.common.process.ProcessException: org.gradle.process.internal.ExecException: Process 'command '/Library/Java/JavaVirtualMachines/jdk1.8.0_172.jdk/Contents/Home/bin/java'' finished with non-zero exit value 1

* Try:
Run with --info or --debug option to get more log output.

* Exception is:
org.gradle.api.tasks.TaskExecutionException: Execution failed for task ':app:transformClassesWithDexForDebug'.
	at org.gradle.api.internal.tasks.execution.ExecuteActionsTaskExecuter.executeActions(ExecuteActionsTaskExecuter.java:69)
	at org.gradle.api.internal.tasks.execution.ExecuteActionsTaskExecuter.execute(ExecuteActionsTaskExecuter.java:46)
	at org.gradle.api.internal.tasks.execution.PostExecutionAnalysisTaskExecuter.execute(PostExecutionAnalysisTaskExecuter.java:35)
	at org.gradle.api.internal.tasks.execution.SkipUpToDateTaskExecuter.execute(SkipUpToDateTaskExecuter.java:64)
	at org.gradle.api.internal.tasks.execution.ValidatingTaskExecuter.execute(ValidatingTaskExecuter.java:58)
	at org.gradle.api.internal.tasks.execution.SkipEmptySourceFilesTaskExecuter.execute(SkipEmptySourceFilesTaskExecuter.java:52)
	at org.gradle.api.internal.tasks.execution.SkipTaskWithNoActionsExecuter.execute(SkipTaskWithNoActionsExecuter.java:52)
	at org.gradle.api.internal.tasks.execution.SkipOnlyIfTaskExecuter.execute(SkipOnlyIfTaskExecuter.java:53)
	at org.gradle.api.internal.tasks.execution.ExecuteAtMostOnceTaskExecuter.execute(ExecuteAtMostOnceTaskExecuter.java:43)
	at org.gradle.execution.taskgraph.DefaultTaskGraphExecuter$EventFiringTaskWorker.execute(DefaultTaskGraphExecuter.java:203)
	at org.gradle.execution.taskgraph.DefaultTaskGraphExecuter$EventFiringTaskWorker.execute(DefaultTaskGraphExecuter.java:185)
	at org.gradle.execution.taskgraph.AbstractTaskPlanExecutor$TaskExecutorWorker.processTask(AbstractTaskPlanExecutor.java:62)
	at org.gradle.execution.taskgraph.AbstractTaskPlanExecutor$TaskExecutorWorker.run(AbstractTaskPlanExecutor.java:50)
	at org.gradle.execution.taskgraph.DefaultTaskPlanExecutor.process(DefaultTaskPlanExecutor.java:25)
	at org.gradle.execution.taskgraph.DefaultTaskGraphExecuter.execute(DefaultTaskGraphExecuter.java:110)
	at org.gradle.execution.SelectedTaskExecutionAction.execute(SelectedTaskExecutionAction.java:37)
	at org.gradle.execution.DefaultBuildExecuter.execute(DefaultBuildExecuter.java:37)
	at org.gradle.execution.DefaultBuildExecuter.access$000(DefaultBuildExecuter.java:23)
	at org.gradle.execution.DefaultBuildExecuter$1.proceed(DefaultBuildExecuter.java:43)
	at org.gradle.execution.DryRunBuildExecutionAction.execute(DryRunBuildExecutionAction.java:32)
	at org.gradle.execution.DefaultBuildExecuter.execute(DefaultBuildExecuter.java:37)
	at org.gradle.execution.DefaultBuildExecuter.execute(DefaultBuildExecuter.java:30)
	at org.gradle.initialization.DefaultGradleLauncher$4.run(DefaultGradleLauncher.java:154)
	at org.gradle.internal.Factories$1.create(Factories.java:22)
	at org.gradle.internal.progress.DefaultBuildOperationExecutor.run(DefaultBuildOperationExecutor.java:90)
	at org.gradle.internal.progress.DefaultBuildOperationExecutor.run(DefaultBuildOperationExecutor.java:52)
	at org.gradle.initialization.DefaultGradleLauncher.doBuildStages(DefaultGradleLauncher.java:151)
	at org.gradle.initialization.DefaultGradleLauncher.access$200(DefaultGradleLauncher.java:32)
	at org.gradle.initialization.DefaultGradleLauncher$1.create(DefaultGradleLauncher.java:99)
	at org.gradle.initialization.DefaultGradleLauncher$1.create(DefaultGradleLauncher.java:93)
	at org.gradle.internal.progress.DefaultBuildOperationExecutor.run(DefaultBuildOperationExecutor.java:90)
	at org.gradle.internal.progress.DefaultBuildOperationExecutor.run(DefaultBuildOperationExecutor.java:62)
	at org.gradle.initialization.DefaultGradleLauncher.doBuild(DefaultGradleLauncher.java:93)
	at org.gradle.initialization.DefaultGradleLauncher.run(DefaultGradleLauncher.java:82)
	at org.gradle.launcher.exec.InProcessBuildActionExecuter$DefaultBuildController.run(InProcessBuildActionExecuter.java:94)
	at org.gradle.tooling.internal.provider.ExecuteBuildActionRunner.run(ExecuteBuildActionRunner.java:28)
	at org.gradle.launcher.exec.ChainingBuildActionRunner.run(ChainingBuildActionRunner.java:35)
	at org.gradle.launcher.exec.InProcessBuildActionExecuter.execute(InProcessBuildActionExecuter.java:43)
	at org.gradle.launcher.exec.InProcessBuildActionExecuter.execute(InProcessBuildActionExecuter.java:28)
	at org.gradle.launcher.exec.ContinuousBuildActionExecuter.execute(ContinuousBuildActionExecuter.java:77)
	at org.gradle.launcher.exec.ContinuousBuildActionExecuter.execute(ContinuousBuildActionExecuter.java:47)
	at org.gradle.launcher.exec.DaemonUsageSuggestingBuildActionExecuter.execute(DaemonUsageSuggestingBuildActionExecuter.java:51)
	at org.gradle.launcher.exec.DaemonUsageSuggestingBuildActionExecuter.execute(DaemonUsageSuggestingBuildActionExecuter.java:28)
	at org.gradle.launcher.cli.RunBuildAction.run(RunBuildAction.java:43)
	at org.gradle.internal.Actions$RunnableActionAdapter.execute(Actions.java:170)
	at org.gradle.launcher.cli.CommandLineActionFactory$ParseAndBuildAction.execute(CommandLineActionFactory.java:237)
	at org.gradle.launcher.cli.CommandLineActionFactory$ParseAndBuildAction.execute(CommandLineActionFactory.java:210)
	at org.gradle.launcher.cli.JavaRuntimeValidationAction.execute(JavaRuntimeValidationAction.java:35)
	at org.gradle.launcher.cli.JavaRuntimeValidationAction.execute(JavaRuntimeValidationAction.java:24)
	at org.gradle.launcher.cli.CommandLineActionFactory$WithLogging.execute(CommandLineActionFactory.java:206)
	at org.gradle.launcher.cli.CommandLineActionFactory$WithLogging.execute(CommandLineActionFactory.java:169)
	at org.gradle.launcher.cli.ExceptionReportingAction.execute(ExceptionReportingAction.java:33)
	at org.gradle.launcher.cli.ExceptionReportingAction.execute(ExceptionReportingAction.java:22)
	at org.gradle.launcher.Main.doAction(Main.java:33)
	at org.gradle.launcher.bootstrap.EntryPoint.run(EntryPoint.java:45)
	at org.gradle.launcher.bootstrap.ProcessBootstrap.runNoExit(ProcessBootstrap.java:54)
	at org.gradle.launcher.bootstrap.ProcessBootstrap.run(ProcessBootstrap.java:35)
	at org.gradle.launcher.GradleMain.main(GradleMain.java:23)
	at org.gradle.wrapper.BootstrapMainStarter.start(BootstrapMainStarter.java:30)
	at org.gradle.wrapper.WrapperExecutor.execute(WrapperExecutor.java:129)
	at org.gradle.wrapper.GradleWrapperMain.main(GradleWrapperMain.java:61)
Caused by: java.lang.RuntimeException: com.android.ide.common.process.ProcessException: org.gradle.process.internal.ExecException: Process 'command '/Library/Java/JavaVirtualMachines/jdk1.8.0_172.jdk/Contents/Home/bin/java'' finished with non-zero exit value 1
	at com.android.ide.common.internal.WaitableExecutor.waitForTasksWithQuickFail(WaitableExecutor.java:119)
	at com.android.build.gradle.internal.transforms.DexTransform.transform(DexTransform.java:349)
	at com.android.build.gradle.internal.pipeline.TransformTask$2.call(TransformTask.java:151)
	at com.android.build.gradle.internal.pipeline.TransformTask$2.call(TransformTask.java:148)
	at com.android.builder.profile.ThreadRecorder$1.record(ThreadRecorder.java:55)
	at com.android.builder.profile.ThreadRecorder$1.record(ThreadRecorder.java:47)
	at com.android.build.gradle.internal.pipeline.TransformTask.transform(TransformTask.java:147)
	at org.gradle.internal.reflect.JavaMethod.invoke(JavaMethod.java:75)
	at org.gradle.api.internal.project.taskfactory.AnnotationProcessingTaskFactory$IncrementalTaskAction.doExecute(AnnotationProcessingTaskFactory.java:244)
	at org.gradle.api.internal.project.taskfactory.AnnotationProcessingTaskFactory$StandardTaskAction.execute(AnnotationProcessingTaskFactory.java:220)
	at org.gradle.api.internal.project.taskfactory.AnnotationProcessingTaskFactory$IncrementalTaskAction.execute(AnnotationProcessingTaskFactory.java:231)
	at org.gradle.api.internal.project.taskfactory.AnnotationProcessingTaskFactory$StandardTaskAction.execute(AnnotationProcessingTaskFactory.java:209)
	at org.gradle.api.internal.tasks.execution.ExecuteActionsTaskExecuter.executeAction(ExecuteActionsTaskExecuter.java:80)
	at org.gradle.api.internal.tasks.execution.ExecuteActionsTaskExecuter.executeActions(ExecuteActionsTaskExecuter.java:61)
	... 60 more
Caused by: com.android.ide.common.process.ProcessException: org.gradle.process.internal.ExecException: Process 'command '/Library/Java/JavaVirtualMachines/jdk1.8.0_172.jdk/Contents/Home/bin/java'' finished with non-zero exit value 1
	at com.android.build.gradle.internal.process.GradleProcessResult.assertNormalExitValue(GradleProcessResult.java:42)
	at com.android.builder.core.AndroidBuilder.preDexLibrary(AndroidBuilder.java:1454)
	at com.android.builder.internal.compiler.PreDexCache.preDexLibrary(PreDexCache.java:122)
	at com.android.builder.core.AndroidBuilder.preDexLibrary(AndroidBuilder.java:1399)
	at com.android.build.gradle.internal.transforms.DexTransform$PreDexTask.call(DexTransform.java:456)
	at com.android.build.gradle.internal.transforms.DexTransform$PreDexTask.call(DexTransform.java:410)
Caused by: org.gradle.process.internal.ExecException: Process 'command '/Library/Java/JavaVirtualMachines/jdk1.8.0_172.jdk/Contents/Home/bin/java'' finished with non-zero exit value 1
	at org.gradle.process.internal.DefaultExecHandle$ExecResultImpl.assertNormalExitValue(DefaultExecHandle.java:367)
	at com.android.build.gradle.internal.process.GradleProcessResult.assertNormalExitValue(GradleProcessResult.java:40)
	... 5 more


BUILD FAILED

Total time: 9.929 secs

2019-07-07 00:51:39,589 INFO  ProjectTaskService - Detecting possible tasks...
2019-07-07 00:51:39,590 INFO  SysUtils - Execute command: [/var/folders/bq/vtzpc5ns5sg2cthy61lqpg3dfzgbys/T/1562435350020-0/src/gradlew, -b, /var/folders/bq/vtzpc5ns5sg2cthy61lqpg3dfzgbys/T/1562435350020-0/src/data/build.gradle, -Dorg.gradle.daemon=false, -Dorg.gradle.daemon.performance.enable-monitoring=false, -Dorg.gradle.configureondemand=true, tasks]
2019-07-07 00:51:47,367 ERROR ProjectTaskService - Could not detect possible Gradle tasks: Process exited with an error: 1 (Exit value: 1)
2019-07-07 00:51:47,367 INFO  ProjectTaskService - Detected possible tasks: 0
2019-07-07 00:51:47,367 INFO  ProjectTaskService - Excluded tasks (0): none
2019-07-07 00:51:47,367 INFO  SysUtils - Execute command: [/var/folders/bq/vtzpc5ns5sg2cthy61lqpg3dfzgbys/T/1562435350020-0/src/gradlew, -b, /var/folders/bq/vtzpc5ns5sg2cthy61lqpg3dfzgbys/T/1562435350020-0/src/data/build.gradle, -Dorg.gradle.daemon=false, -Dorg.gradle.daemon.performance.enable-monitoring=false, -Dorg.gradle.configureondemand=true, --stacktrace, build]
2019-07-07 00:51:51,526 ERROR SysUtils - Could not process external command
org.apache.commons.exec.ExecuteException: Process exited with an error: 1 (Exit value: 1)
	at org.apache.commons.exec.DefaultExecutor.executeInternal(DefaultExecutor.java:404)
	at org.apache.commons.exec.DefaultExecutor.execute(DefaultExecutor.java:166)
	at com.github.vbauer.apkmaster.util.SysUtils.execute(SysUtils.java:67)
	at com.github.vbauer.apkmaster.util.SysUtils.executeSimple(SysUtils.java:43)
	at com.github.vbauer.apkmaster.service.assembly.ProjectBuildService.buildProject(ProjectBuildService.java:78)
	at com.github.vbauer.apkmaster.service.assembly.ProjectBuildService.buildProject(ProjectBuildService.java:64)
	at com.github.vbauer.apkmaster.service.assembly.ProjectBuildService.buildProject(ProjectBuildService.java:43)
	at com.github.vbauer.apkmaster.service.FullProcessService.build(FullProcessService.java:84)
	at com.github.vbauer.apkmaster.service.FullProcessService.process(FullProcessService.java:34)
	at com.github.vbauer.apkmaster.app.MainApplication.process(MainApplication.java:38)
	at com.github.vbauer.apkmaster.app.MainApplication.main(MainApplication.java:20)
	at sun.reflect.GeneratedMethodAccessor9.invoke(Unknown Source)
	at sun.reflect.DelegatingMethodAccessorImpl.invoke(DelegatingMethodAccessorImpl.java:43)
	at java.lang.reflect.Method.invoke(Method.java:498)
	at com.android.arsenal.util.ReflectionUtils.invoke(ReflectionUtils.java:52)
	at com.android.arsenal.util.ApkMasterUtils.main(ApkMasterUtils.java:30)
	at com.android.arsenal.service.processor.impl.BuildProcessorServiceImpl.buildProject(BuildProcessorServiceImpl.java:196)
	at com.android.arsenal.service.processor.impl.BuildProcessorServiceImpl.build(BuildProcessorServiceImpl.java:130)
	at com.android.arsenal.service.processor.impl.BuildProcessorServiceImpl.lambda$createTasks$1(BuildProcessorServiceImpl.java:113)
	at java.util.concurrent.FutureTask.run(FutureTask.java:266)
	at java.util.concurrent.Executors$RunnableAdapter.call(Executors.java:511)
	at java.util.concurrent.FutureTask.run(FutureTask.java:266)
	at java.util.concurrent.ThreadPoolExecutor.runWorker(ThreadPoolExecutor.java:1149)
	at java.util.concurrent.ThreadPoolExecutor$Worker.run(ThreadPoolExecutor.java:624)
	at java.lang.Thread.run(Thread.java:748)
2019-07-07 00:51:51,526 INFO  SysUtils - Configuration on demand is an incubating feature.
:data:preBuild UP-TO-DATE
:data:preDebugBuild UP-TO-DATE
:data:compileDebugNdk UP-TO-DATE
:data:compileLint
:data:copyDebugLint UP-TO-DATE
:data:mergeDebugProguardFiles UP-TO-DATE
:data:packageDebugRenderscript UP-TO-DATE
:data:checkDebugManifest
:data:prepareDebugDependencies
:data:compileDebugRenderscript UP-TO-DATE
:data:generateDebugResValues UP-TO-DATE
:data:generateDebugResources UP-TO-DATE
:data:packageDebugResources UP-TO-DATE
:data:compileDebugAidl UP-TO-DATE
:data:generateDebugBuildConfig UP-TO-DATE
:data:generateDebugAssets UP-TO-DATE
:data:mergeDebugAssets UP-TO-DATE
:data:processDebugManifest UP-TO-DATE
:data:processDebugResources UP-TO-DATE
:data:generateDebugSources UP-TO-DATE
:domain:compileJava UP-TO-DATE
:domain:processResources UP-TO-DATE
:domain:classes UP-TO-DATE
:domain:jar UP-TO-DATE
:repository:compileJava UP-TO-DATE
:repository:processResources UP-TO-DATE
:repository:classes UP-TO-DATE
:repository:jar UP-TO-DATE
:data:compileDebugJavaWithJavac UP-TO-DATE
:data:processDebugJavaRes UP-TO-DATE
:data:transformResourcesWithMergeJavaResForDebug UP-TO-DATE
:data:transformClassesAndResourcesWithSyncLibJarsForDebug UP-TO-DATE
:data:mergeDebugJniLibFolders UP-TO-DATE
:data:transformNative_libsWithMergeJniLibsForDebug UP-TO-DATE
:data:transformNative_libsWithSyncJniLibsForDebug UP-TO-DATE
:data:bundleDebug UP-TO-DATE
:data:compileDebugSources UP-TO-DATE
:data:assembleDebug UP-TO-DATE
:data:preReleaseBuild UP-TO-DATE
:data:compileReleaseNdk UP-TO-DATE
:data:copyReleaseLint UP-TO-DATE
:data:mergeReleaseProguardFiles UP-TO-DATE
:data:packageReleaseRenderscript UP-TO-DATE
:data:checkReleaseManifest
:data:prepareReleaseDependencies
:data:compileReleaseRenderscript UP-TO-DATE
:data:generateReleaseResValues UP-TO-DATE
:data:generateReleaseResources UP-TO-DATE
:data:packageReleaseResources UP-TO-DATE
:data:compileReleaseAidl UP-TO-DATE
:data:generateReleaseBuildConfig UP-TO-DATE
:data:generateReleaseAssets UP-TO-DATE
:data:mergeReleaseAssets UP-TO-DATE
:data:processReleaseManifest UP-TO-DATE
:data:processReleaseResources UP-TO-DATE
:data:generateReleaseSources UP-TO-DATE
:data:compileReleaseJavaWithJavac UP-TO-DATE
:data:processReleaseJavaRes UP-TO-DATE
:data:transformResourcesWithMergeJavaResForRelease UP-TO-DATE
:data:transformClassesAndResourcesWithSyncLibJarsForRelease UP-TO-DATE
:data:mergeReleaseJniLibFolders UP-TO-DATE
:data:transformNative_libsWithMergeJniLibsForRelease UP-TO-DATE
:data:transformNative_libsWithSyncJniLibsForRelease UP-TO-DATE
:data:bundleRelease UP-TO-DATE
:data:compileReleaseSources UP-TO-DATE
:data:assembleRelease UP-TO-DATE
:data:assemble UP-TO-DATE
:data:lint FAILED

FAILURE: Build failed with an exception.

* What went wrong:
Execution failed for task ':data:lint'.
> No toolchains found in the NDK toolchains folder for ABI with prefix: mipsel-linux-android

* Try:
Run with --info or --debug option to get more log output.

* Exception is:
org.gradle.api.tasks.TaskExecutionException: Execution failed for task ':data:lint'.
	at org.gradle.api.internal.tasks.execution.ExecuteActionsTaskExecuter.executeActions(ExecuteActionsTaskExecuter.java:69)
	at org.gradle.api.internal.tasks.execution.ExecuteActionsTaskExecuter.execute(ExecuteActionsTaskExecuter.java:46)
	at org.gradle.api.internal.tasks.execution.PostExecutionAnalysisTaskExecuter.execute(PostExecutionAnalysisTaskExecuter.java:35)
	at org.gradle.api.internal.tasks.execution.SkipUpToDateTaskExecuter.execute(SkipUpToDateTaskExecuter.java:64)
	at org.gradle.api.internal.tasks.execution.ValidatingTaskExecuter.execute(ValidatingTaskExecuter.java:58)
	at org.gradle.api.internal.tasks.execution.SkipEmptySourceFilesTaskExecuter.execute(SkipEmptySourceFilesTaskExecuter.java:52)
	at org.gradle.api.internal.tasks.execution.SkipTaskWithNoActionsExecuter.execute(SkipTaskWithNoActionsExecuter.java:52)
	at org.gradle.api.internal.tasks.execution.SkipOnlyIfTaskExecuter.execute(SkipOnlyIfTaskExecuter.java:53)
	at org.gradle.api.internal.tasks.execution.ExecuteAtMostOnceTaskExecuter.execute(ExecuteAtMostOnceTaskExecuter.java:43)
	at org.gradle.execution.taskgraph.DefaultTaskGraphExecuter$EventFiringTaskWorker.execute(DefaultTaskGraphExecuter.java:203)
	at org.gradle.execution.taskgraph.DefaultTaskGraphExecuter$EventFiringTaskWorker.execute(DefaultTaskGraphExecuter.java:185)
	at org.gradle.execution.taskgraph.AbstractTaskPlanExecutor$TaskExecutorWorker.processTask(AbstractTaskPlanExecutor.java:62)
	at org.gradle.execution.taskgraph.AbstractTaskPlanExecutor$TaskExecutorWorker.run(AbstractTaskPlanExecutor.java:50)
	at org.gradle.execution.taskgraph.DefaultTaskPlanExecutor.process(DefaultTaskPlanExecutor.java:25)
	at org.gradle.execution.taskgraph.DefaultTaskGraphExecuter.execute(DefaultTaskGraphExecuter.java:110)
	at org.gradle.execution.SelectedTaskExecutionAction.execute(SelectedTaskExecutionAction.java:37)
	at org.gradle.execution.DefaultBuildExecuter.execute(DefaultBuildExecuter.java:37)
	at org.gradle.execution.DefaultBuildExecuter.access$000(DefaultBuildExecuter.java:23)
	at org.gradle.execution.DefaultBuildExecuter$1.proceed(DefaultBuildExecuter.java:43)
	at org.gradle.execution.DryRunBuildExecutionAction.execute(DryRunBuildExecutionAction.java:32)
	at org.gradle.execution.DefaultBuildExecuter.execute(DefaultBuildExecuter.java:37)
	at org.gradle.execution.DefaultBuildExecuter.execute(DefaultBuildExecuter.java:30)
	at org.gradle.initialization.DefaultGradleLauncher$4.run(DefaultGradleLauncher.java:154)
	at org.gradle.internal.Factories$1.create(Factories.java:22)
	at org.gradle.internal.progress.DefaultBuildOperationExecutor.run(DefaultBuildOperationExecutor.java:90)
	at org.gradle.internal.progress.DefaultBuildOperationExecutor.run(DefaultBuildOperationExecutor.java:52)
	at org.gradle.initialization.DefaultGradleLauncher.doBuildStages(DefaultGradleLauncher.java:151)
	at org.gradle.initialization.DefaultGradleLauncher.access$200(DefaultGradleLauncher.java:32)
	at org.gradle.initialization.DefaultGradleLauncher$1.create(DefaultGradleLauncher.java:99)
	at org.gradle.initialization.DefaultGradleLauncher$1.create(DefaultGradleLauncher.java:93)
	at org.gradle.internal.progress.DefaultBuildOperationExecutor.run(DefaultBuildOperationExecutor.java:90)
	at org.gradle.internal.progress.DefaultBuildOperationExecutor.run(DefaultBuildOperationExecutor.java:62)
	at org.gradle.initialization.DefaultGradleLauncher.doBuild(DefaultGradleLauncher.java:93)
	at org.gradle.initialization.DefaultGradleLauncher.run(DefaultGradleLauncher.java:82)
	at org.gradle.launcher.exec.InProcessBuildActionExecuter$DefaultBuildController.run(InProcessBuildActionExecuter.java:94)
	at org.gradle.tooling.internal.provider.ExecuteBuildActionRunner.run(ExecuteBuildActionRunner.java:28)
	at org.gradle.launcher.exec.ChainingBuildActionRunner.run(ChainingBuildActionRunner.java:35)
	at org.gradle.launcher.exec.InProcessBuildActionExecuter.execute(InProcessBuildActionExecuter.java:43)
	at org.gradle.launcher.exec.InProcessBuildActionExecuter.execute(InProcessBuildActionExecuter.java:28)
	at org.gradle.launcher.exec.ContinuousBuildActionExecuter.execute(ContinuousBuildActionExecuter.java:77)
	at org.gradle.launcher.exec.ContinuousBuildActionExecuter.execute(ContinuousBuildActionExecuter.java:47)
	at org.gradle.launcher.exec.DaemonUsageSuggestingBuildActionExecuter.execute(DaemonUsageSuggestingBuildActionExecuter.java:51)
	at org.gradle.launcher.exec.DaemonUsageSuggestingBuildActionExecuter.execute(DaemonUsageSuggestingBuildActionExecuter.java:28)
	at org.gradle.launcher.cli.RunBuildAction.run(RunBuildAction.java:43)
	at org.gradle.internal.Actions$RunnableActionAdapter.execute(Actions.java:170)
	at org.gradle.launcher.cli.CommandLineActionFactory$ParseAndBuildAction.execute(CommandLineActionFactory.java:237)
	at org.gradle.launcher.cli.CommandLineActionFactory$ParseAndBuildAction.execute(CommandLineActionFactory.java:210)
	at org.gradle.launcher.cli.JavaRuntimeValidationAction.execute(JavaRuntimeValidationAction.java:35)
	at org.gradle.launcher.cli.JavaRuntimeValidationAction.execute(JavaRuntimeValidationAction.java:24)
	at org.gradle.launcher.cli.CommandLineActionFactory$WithLogging.execute(CommandLineActionFactory.java:206)
	at org.gradle.launcher.cli.CommandLineActionFactory$WithLogging.execute(CommandLineActionFactory.java:169)
	at org.gradle.launcher.cli.ExceptionReportingAction.execute(ExceptionReportingAction.java:33)
	at org.gradle.launcher.cli.ExceptionReportingAction.execute(ExceptionReportingAction.java:22)
	at org.gradle.launcher.Main.doAction(Main.java:33)
	at org.gradle.launcher.bootstrap.EntryPoint.run(EntryPoint.java:45)
	at org.gradle.launcher.bootstrap.ProcessBootstrap.runNoExit(ProcessBootstrap.java:54)
	at org.gradle.launcher.bootstrap.ProcessBootstrap.run(ProcessBootstrap.java:35)
	at org.gradle.launcher.GradleMain.main(GradleMain.java:23)
	at org.gradle.wrapper.BootstrapMainStarter.start(BootstrapMainStarter.java:30)
	at org.gradle.wrapper.WrapperExecutor.execute(WrapperExecutor.java:129)
	at org.gradle.wrapper.GradleWrapperMain.main(GradleWrapperMain.java:61)
Caused by: java.lang.RuntimeException: No toolchains found in the NDK toolchains folder for ABI with prefix: mipsel-linux-android
	at com.android.build.gradle.internal.NdkHandler.getDefaultToolchainVersion(NdkHandler.java:340)
	at com.android.build.gradle.internal.NdkHandler.getToolchainPath(NdkHandler.java:232)
	at com.android.build.gradle.internal.NdkHandler.getCCompiler(NdkHandler.java:418)
	at com.android.build.gradle.internal.model.ModelBuilder.createNativeToolchainModelMap(ModelBuilder.java:221)
	at com.android.build.gradle.internal.model.ModelBuilder.buildAll(ModelBuilder.java:162)
	at org.gradle.tooling.provider.model.ToolingModelBuilder$buildAll.call(Unknown Source)
	at com.android.build.gradle.tasks.Lint.createAndroidProject(Lint.groovy:229)
	at com.android.build.gradle.tasks.Lint.this$6$createAndroidProject(Lint.groovy)
	at com.android.build.gradle.tasks.Lint.lint(Lint.groovy:71)
	at org.gradle.internal.reflect.JavaMethod.invoke(JavaMethod.java:75)
	at org.gradle.api.internal.project.taskfactory.AnnotationProcessingTaskFactory$StandardTaskAction.doExecute(AnnotationProcessingTaskFactory.java:227)
	at org.gradle.api.internal.project.taskfactory.AnnotationProcessingTaskFactory$StandardTaskAction.execute(AnnotationProcessingTaskFactory.java:220)
	at org.gradle.api.internal.project.taskfactory.AnnotationProcessingTaskFactory$StandardTaskAction.execute(AnnotationProcessingTaskFactory.java:209)
	at org.gradle.api.internal.AbstractTask$TaskActionWrapper.execute(AbstractTask.java:585)
	at org.gradle.api.internal.AbstractTask$TaskActionWrapper.execute(AbstractTask.java:568)
	at org.gradle.api.internal.tasks.execution.ExecuteActionsTaskExecuter.executeAction(ExecuteActionsTaskExecuter.java:80)
	at org.gradle.api.internal.tasks.execution.ExecuteActionsTaskExecuter.executeActions(ExecuteActionsTaskExecuter.java:61)
	... 60 more


BUILD FAILED

Total time: 3.619 secs

2019-07-07 00:51:51,564 INFO  ProjectTaskService - Detecting possible tasks...
2019-07-07 00:51:51,565 INFO  SysUtils - Execute command: [/var/folders/bq/vtzpc5ns5sg2cthy61lqpg3dfzgbys/T/1562435350020-0/src/gradlew, -b, /var/folders/bq/vtzpc5ns5sg2cthy61lqpg3dfzgbys/T/1562435350020-0/src/build.gradle, -Dorg.gradle.daemon=false, -Dorg.gradle.daemon.performance.enable-monitoring=false, -Dorg.gradle.configureondemand=true, tasks]
2019-07-07 00:51:56,165 INFO  ProjectTaskService - Detected possible tasks: 74
2019-07-07 00:51:56,165 INFO  ProjectTaskService - Excluded tasks (20): lintDebug mockableAndroidJar deviceCheck lint testReleaseUnitTest javadoc uninstallRelease deviceAndroidTest uninstallDebugAndroidTest installDebugAndroidTest connectedCheck connectedDebugAndroidTest uninstallAll test check testDebugUnitTest connectedAndroidTest installDebug lintRelease uninstallDebug
2019-07-07 00:51:56,165 INFO  SysUtils - Execute command: [/var/folders/bq/vtzpc5ns5sg2cthy61lqpg3dfzgbys/T/1562435350020-0/src/gradlew, -b, /var/folders/bq/vtzpc5ns5sg2cthy61lqpg3dfzgbys/T/1562435350020-0/src/build.gradle, -Dorg.gradle.daemon=false, -Dorg.gradle.daemon.performance.enable-monitoring=false, -Dorg.gradle.configureondemand=true, --stacktrace, -x, lintDebug, -x, mockableAndroidJar, -x, deviceCheck, -x, lint, -x, testReleaseUnitTest, -x, javadoc, -x, uninstallRelease, -x, deviceAndroidTest, -x, uninstallDebugAndroidTest, -x, installDebugAndroidTest, -x, connectedCheck, -x, connectedDebugAndroidTest, -x, uninstallAll, -x, test, -x, check, -x, testDebugUnitTest, -x, connectedAndroidTest, -x, installDebug, -x, lintRelease, -x, uninstallDebug, build]
2019-07-07 00:52:01,515 ERROR SysUtils - Could not process external command
org.apache.commons.exec.ExecuteException: Process exited with an error: 1 (Exit value: 1)
	at org.apache.commons.exec.DefaultExecutor.executeInternal(DefaultExecutor.java:404)
	at org.apache.commons.exec.DefaultExecutor.execute(DefaultExecutor.java:166)
	at com.github.vbauer.apkmaster.util.SysUtils.execute(SysUtils.java:67)
	at com.github.vbauer.apkmaster.util.SysUtils.executeSimple(SysUtils.java:43)
	at com.github.vbauer.apkmaster.service.assembly.ProjectBuildService.buildProject(ProjectBuildService.java:78)
	at com.github.vbauer.apkmaster.service.assembly.ProjectBuildService.buildProject(ProjectBuildService.java:64)
	at com.github.vbauer.apkmaster.service.assembly.ProjectBuildService.buildProject(ProjectBuildService.java:43)
	at com.github.vbauer.apkmaster.service.FullProcessService.build(FullProcessService.java:84)
	at com.github.vbauer.apkmaster.service.FullProcessService.process(FullProcessService.java:34)
	at com.github.vbauer.apkmaster.app.MainApplication.process(MainApplication.java:38)
	at com.github.vbauer.apkmaster.app.MainApplication.main(MainApplication.java:20)
	at sun.reflect.GeneratedMethodAccessor9.invoke(Unknown Source)
	at sun.reflect.DelegatingMethodAccessorImpl.invoke(DelegatingMethodAccessorImpl.java:43)
	at java.lang.reflect.Method.invoke(Method.java:498)
	at com.android.arsenal.util.ReflectionUtils.invoke(ReflectionUtils.java:52)
	at com.android.arsenal.util.ApkMasterUtils.main(ApkMasterUtils.java:30)
	at com.android.arsenal.service.processor.impl.BuildProcessorServiceImpl.buildProject(BuildProcessorServiceImpl.java:196)
	at com.android.arsenal.service.processor.impl.BuildProcessorServiceImpl.build(BuildProcessorServiceImpl.java:130)
	at com.android.arsenal.service.processor.impl.BuildProcessorServiceImpl.lambda$createTasks$1(BuildProcessorServiceImpl.java:113)
	at java.util.concurrent.FutureTask.run(FutureTask.java:266)
	at java.util.concurrent.Executors$RunnableAdapter.call(Executors.java:511)
	at java.util.concurrent.FutureTask.run(FutureTask.java:266)
	at java.util.concurrent.ThreadPoolExecutor.runWorker(ThreadPoolExecutor.java:1149)
	at java.util.concurrent.ThreadPoolExecutor$Worker.run(ThreadPoolExecutor.java:624)
	at java.lang.Thread.run(Thread.java:748)
2019-07-07 00:52:01,515 INFO  SysUtils - Configuration on demand is an incubating feature.
:app:preBuild UP-TO-DATE
:app:preDebugBuild UP-TO-DATE
:app:checkDebugManifest
:app:preReleaseBuild UP-TO-DATE
:data:preBuild UP-TO-DATE
:data:preReleaseBuild UP-TO-DATE
:data:compileReleaseNdk UP-TO-DATE
:data:compileLint
:data:copyReleaseLint UP-TO-DATE
:data:mergeReleaseProguardFiles UP-TO-DATE
:data:packageReleaseRenderscript UP-TO-DATE
:data:checkReleaseManifest
:data:prepareReleaseDependencies
:data:compileReleaseRenderscript UP-TO-DATE
:data:generateReleaseResValues UP-TO-DATE
:data:generateReleaseResources UP-TO-DATE
:data:packageReleaseResources UP-TO-DATE
:data:compileReleaseAidl UP-TO-DATE
:data:generateReleaseBuildConfig UP-TO-DATE
:data:generateReleaseAssets UP-TO-DATE
:data:mergeReleaseAssets UP-TO-DATE
:data:processReleaseManifest UP-TO-DATE
:data:processReleaseResources UP-TO-DATE
:data:generateReleaseSources UP-TO-DATE
:domain:compileJava UP-TO-DATE
:domain:processResources UP-TO-DATE
:domain:classes UP-TO-DATE
:domain:jar UP-TO-DATE
:repository:compileJava UP-TO-DATE
:repository:processResources UP-TO-DATE
:repository:classes UP-TO-DATE
:repository:jar UP-TO-DATE
:data:compileReleaseJavaWithJavac UP-TO-DATE
:data:processReleaseJavaRes UP-TO-DATE
:data:transformResourcesWithMergeJavaResForRelease UP-TO-DATE
:data:transformClassesAndResourcesWithSyncLibJarsForRelease UP-TO-DATE
:data:mergeReleaseJniLibFolders UP-TO-DATE
:data:transformNative_libsWithMergeJniLibsForRelease UP-TO-DATE
:data:transformNative_libsWithSyncJniLibsForRelease UP-TO-DATE
:data:bundleRelease UP-TO-DATE
:presentation:compileJava UP-TO-DATE
:presentation:processResources UP-TO-DATE
:presentation:classes UP-TO-DATE
:presentation:jar UP-TO-DATE
:app:prepareComAndroidSupportAppcompatV72311Library UP-TO-DATE
:app:prepareComAndroidSupportDesign2311Library UP-TO-DATE
:app:prepareComAndroidSupportRecyclerviewV72311Library UP-TO-DATE
:app:prepareComAndroidSupportSupportV42311Library UP-TO-DATE
:app:prepareComGithubCmc00022Easyrecycleradapters108Library UP-TO-DATE
:app:prepareJpWasabeefRecyclerviewAnimators110Library UP-TO-DATE
:app:prepareSrcDataUnspecifiedLibrary UP-TO-DATE
:app:prepareUkCoChrisjenxCalligraphy210Library UP-TO-DATE
:app:prepareDebugDependencies
:app:compileDebugAidl UP-TO-DATE
:app:compileDebugRenderscript UP-TO-DATE
:app:generateDebugBuildConfig UP-TO-DATE
:app:generateDebugAssets UP-TO-DATE
:app:mergeDebugAssets UP-TO-DATE
:app:generateDebugResValues UP-TO-DATE
:app:generateDebugResources UP-TO-DATE
:app:mergeDebugResources UP-TO-DATE
:app:processDebugManifest UP-TO-DATE
:app:processDebugResources UP-TO-DATE
:app:generateDebugSources UP-TO-DATE
:data:preDebugBuild UP-TO-DATE
:data:compileDebugNdk UP-TO-DATE
:data:copyDebugLint UP-TO-DATE
:data:mergeDebugProguardFiles UP-TO-DATE
:data:packageDebugRenderscript UP-TO-DATE
:data:checkDebugManifest
:data:prepareDebugDependencies
:data:compileDebugRenderscript UP-TO-DATE
:data:generateDebugResValues UP-TO-DATE
:data:generateDebugResources UP-TO-DATE
:data:packageDebugResources UP-TO-DATE
:data:compileDebugAidl UP-TO-DATE
:data:generateDebugBuildConfig UP-TO-DATE
:data:generateDebugAssets UP-TO-DATE
:data:mergeDebugAssets UP-TO-DATE
:data:processDebugManifest UP-TO-DATE
:data:processDebugResources UP-TO-DATE
:data:generateDebugSources UP-TO-DATE
:data:compileDebugJavaWithJavac UP-TO-DATE
:data:processDebugJavaRes UP-TO-DATE
:data:transformResourcesWithMergeJavaResForDebug UP-TO-DATE
:data:transformClassesAndResourcesWithSyncLibJarsForDebug UP-TO-DATE
:data:mergeDebugJniLibFolders UP-TO-DATE
:data:transformNative_libsWithMergeJniLibsForDebug UP-TO-DATE
:data:transformNative_libsWithSyncJniLibsForDebug UP-TO-DATE
:data:bundleDebug UP-TO-DATE
:app:compileDebugJavaWithJavac UP-TO-DATE
:app:compileDebugNdk UP-TO-DATE
:app:compileDebugSources UP-TO-DATE
:app:transformClassesWithDexForDebug
UNEXPECTED TOP-LEVEL EXCEPTION:
java.lang.RuntimeException: Exception parsing classes
	at com.android.dx.command.dexer.Main.processClass(Main.java:752)
	at com.android.dx.command.dexer.Main.processFileBytes(Main.java:718)
	at com.android.dx.command.dexer.Main.access$1200(Main.java:85)
	at com.android.dx.command.dexer.Main$FileBytesConsumer.processFileBytes(Main.java:1645)
	at com.android.dx.cf.direct.ClassPathOpener.processArchive(ClassPathOpener.java:284)
	at com.android.dx.cf.direct.ClassPathOpener.processOne(ClassPathOpener.java:166)
	at com.android.dx.cf.direct.ClassPathOpener.process(ClassPathOpener.java:144)
	at com.android.dx.command.dexer.Main.processOne(Main.java:672)
	at com.android.dx.command.dexer.Main.processAllFiles(Main.java:574)
	at com.android.dx.command.dexer.Main.runMonoDex(Main.java:311)
	at com.android.dx.command.dexer.Main.run(Main.java:277)
	at com.android.dx.command.dexer.Main.main(Main.java:245)
	at com.android.dx.command.Main.main(Main.java:106)
Caused by: com.android.dx.cf.iface.ParseException: bad class file magic (cafebabe) or version (0034.0000)
	at com.android.dx.cf.direct.DirectClassFile.parse0(DirectClassFile.java:472)
	at com.android.dx.cf.direct.DirectClassFile.parse(DirectClassFile.java:406)
	at com.android.dx.cf.direct.DirectClassFile.parseToInterfacesIfNecessary(DirectClassFile.java:388)
	at com.android.dx.cf.direct.DirectClassFile.getMagic(DirectClassFile.java:251)
	at com.android.dx.command.dexer.Main.parseClass(Main.java:764)
	at com.android.dx.command.dexer.Main.access$1500(Main.java:85)
	at com.android.dx.command.dexer.Main$ClassParserTask.call(Main.java:1684)
	at com.android.dx.command.dexer.Main.processClass(Main.java:749)
	... 12 more
1 error; aborting

 FAILED

FAILURE: Build failed with an exception.

* What went wrong:
Execution failed for task ':app:transformClassesWithDexForDebug'.
> com.android.ide.common.process.ProcessException: org.gradle.process.internal.ExecException: Process 'command '/Library/Java/JavaVirtualMachines/jdk1.8.0_172.jdk/Contents/Home/bin/java'' finished with non-zero exit value 1

* Try:
Run with --info or --debug option to get more log output.

* Exception is:
org.gradle.api.tasks.TaskExecutionException: Execution failed for task ':app:transformClassesWithDexForDebug'.
	at org.gradle.api.internal.tasks.execution.ExecuteActionsTaskExecuter.executeActions(ExecuteActionsTaskExecuter.java:69)
	at org.gradle.api.internal.tasks.execution.ExecuteActionsTaskExecuter.execute(ExecuteActionsTaskExecuter.java:46)
	at org.gradle.api.internal.tasks.execution.PostExecutionAnalysisTaskExecuter.execute(PostExecutionAnalysisTaskExecuter.java:35)
	at org.gradle.api.internal.tasks.execution.SkipUpToDateTaskExecuter.execute(SkipUpToDateTaskExecuter.java:64)
	at org.gradle.api.internal.tasks.execution.ValidatingTaskExecuter.execute(ValidatingTaskExecuter.java:58)
	at org.gradle.api.internal.tasks.execution.SkipEmptySourceFilesTaskExecuter.execute(SkipEmptySourceFilesTaskExecuter.java:52)
	at org.gradle.api.internal.tasks.execution.SkipTaskWithNoActionsExecuter.execute(SkipTaskWithNoActionsExecuter.java:52)
	at org.gradle.api.internal.tasks.execution.SkipOnlyIfTaskExecuter.execute(SkipOnlyIfTaskExecuter.java:53)
	at org.gradle.api.internal.tasks.execution.ExecuteAtMostOnceTaskExecuter.execute(ExecuteAtMostOnceTaskExecuter.java:43)
	at org.gradle.execution.taskgraph.DefaultTaskGraphExecuter$EventFiringTaskWorker.execute(DefaultTaskGraphExecuter.java:203)
	at org.gradle.execution.taskgraph.DefaultTaskGraphExecuter$EventFiringTaskWorker.execute(DefaultTaskGraphExecuter.java:185)
	at org.gradle.execution.taskgraph.AbstractTaskPlanExecutor$TaskExecutorWorker.processTask(AbstractTaskPlanExecutor.java:62)
	at org.gradle.execution.taskgraph.AbstractTaskPlanExecutor$TaskExecutorWorker.run(AbstractTaskPlanExecutor.java:50)
	at org.gradle.execution.taskgraph.DefaultTaskPlanExecutor.process(DefaultTaskPlanExecutor.java:25)
	at org.gradle.execution.taskgraph.DefaultTaskGraphExecuter.execute(DefaultTaskGraphExecuter.java:110)
	at org.gradle.execution.SelectedTaskExecutionAction.execute(SelectedTaskExecutionAction.java:37)
	at org.gradle.execution.DefaultBuildExecuter.execute(DefaultBuildExecuter.java:37)
	at org.gradle.execution.DefaultBuildExecuter.access$000(DefaultBuildExecuter.java:23)
	at org.gradle.execution.DefaultBuildExecuter$1.proceed(DefaultBuildExecuter.java:43)
	at org.gradle.execution.DryRunBuildExecutionAction.execute(DryRunBuildExecutionAction.java:32)
	at org.gradle.execution.DefaultBuildExecuter.execute(DefaultBuildExecuter.java:37)
	at org.gradle.execution.DefaultBuildExecuter.execute(DefaultBuildExecuter.java:30)
	at org.gradle.initialization.DefaultGradleLauncher$4.run(DefaultGradleLauncher.java:154)
	at org.gradle.internal.Factories$1.create(Factories.java:22)
	at org.gradle.internal.progress.DefaultBuildOperationExecutor.run(DefaultBuildOperationExecutor.java:90)
	at org.gradle.internal.progress.DefaultBuildOperationExecutor.run(DefaultBuildOperationExecutor.java:52)
	at org.gradle.initialization.DefaultGradleLauncher.doBuildStages(DefaultGradleLauncher.java:151)
	at org.gradle.initialization.DefaultGradleLauncher.access$200(DefaultGradleLauncher.java:32)
	at org.gradle.initialization.DefaultGradleLauncher$1.create(DefaultGradleLauncher.java:99)
	at org.gradle.initialization.DefaultGradleLauncher$1.create(DefaultGradleLauncher.java:93)
	at org.gradle.internal.progress.DefaultBuildOperationExecutor.run(DefaultBuildOperationExecutor.java:90)
	at org.gradle.internal.progress.DefaultBuildOperationExecutor.run(DefaultBuildOperationExecutor.java:62)
	at org.gradle.initialization.DefaultGradleLauncher.doBuild(DefaultGradleLauncher.java:93)
	at org.gradle.initialization.DefaultGradleLauncher.run(DefaultGradleLauncher.java:82)
	at org.gradle.launcher.exec.InProcessBuildActionExecuter$DefaultBuildController.run(InProcessBuildActionExecuter.java:94)
	at org.gradle.tooling.internal.provider.ExecuteBuildActionRunner.run(ExecuteBuildActionRunner.java:28)
	at org.gradle.launcher.exec.ChainingBuildActionRunner.run(ChainingBuildActionRunner.java:35)
	at org.gradle.launcher.exec.InProcessBuildActionExecuter.execute(InProcessBuildActionExecuter.java:43)
	at org.gradle.launcher.exec.InProcessBuildActionExecuter.execute(InProcessBuildActionExecuter.java:28)
	at org.gradle.launcher.exec.ContinuousBuildActionExecuter.execute(ContinuousBuildActionExecuter.java:77)
	at org.gradle.launcher.exec.ContinuousBuildActionExecuter.execute(ContinuousBuildActionExecuter.java:47)
	at org.gradle.launcher.exec.DaemonUsageSuggestingBuildActionExecuter.execute(DaemonUsageSuggestingBuildActionExecuter.java:51)
	at org.gradle.launcher.exec.DaemonUsageSuggestingBuildActionExecuter.execute(DaemonUsageSuggestingBuildActionExecuter.java:28)
	at org.gradle.launcher.cli.RunBuildAction.run(RunBuildAction.java:43)
	at org.gradle.internal.Actions$RunnableActionAdapter.execute(Actions.java:170)
	at org.gradle.launcher.cli.CommandLineActionFactory$ParseAndBuildAction.execute(CommandLineActionFactory.java:237)
	at org.gradle.launcher.cli.CommandLineActionFactory$ParseAndBuildAction.execute(CommandLineActionFactory.java:210)
	at org.gradle.launcher.cli.JavaRuntimeValidationAction.execute(JavaRuntimeValidationAction.java:35)
	at org.gradle.launcher.cli.JavaRuntimeValidationAction.execute(JavaRuntimeValidationAction.java:24)
	at org.gradle.launcher.cli.CommandLineActionFactory$WithLogging.execute(CommandLineActionFactory.java:206)
	at org.gradle.launcher.cli.CommandLineActionFactory$WithLogging.execute(CommandLineActionFactory.java:169)
	at org.gradle.launcher.cli.ExceptionReportingAction.execute(ExceptionReportingAction.java:33)
	at org.gradle.launcher.cli.ExceptionReportingAction.execute(ExceptionReportingAction.java:22)
	at org.gradle.launcher.Main.doAction(Main.java:33)
	at org.gradle.launcher.bootstrap.EntryPoint.run(EntryPoint.java:45)
	at org.gradle.launcher.bootstrap.ProcessBootstrap.runNoExit(ProcessBootstrap.java:54)
	at org.gradle.launcher.bootstrap.ProcessBootstrap.run(ProcessBootstrap.java:35)
	at org.gradle.launcher.GradleMain.main(GradleMain.java:23)
	at org.gradle.wrapper.BootstrapMainStarter.start(BootstrapMainStarter.java:30)
	at org.gradle.wrapper.WrapperExecutor.execute(WrapperExecutor.java:129)
	at org.gradle.wrapper.GradleWrapperMain.main(GradleWrapperMain.java:61)
Caused by: java.lang.RuntimeException: com.android.ide.common.process.ProcessException: org.gradle.process.internal.ExecException: Process 'command '/Library/Java/JavaVirtualMachines/jdk1.8.0_172.jdk/Contents/Home/bin/java'' finished with non-zero exit value 1
	at com.android.ide.common.internal.WaitableExecutor.waitForTasksWithQuickFail(WaitableExecutor.java:119)
	at com.android.build.gradle.internal.transforms.DexTransform.transform(DexTransform.java:349)
	at com.android.build.gradle.internal.pipeline.TransformTask$2.call(TransformTask.java:151)
	at com.android.build.gradle.internal.pipeline.TransformTask$2.call(TransformTask.java:148)
	at com.android.builder.profile.ThreadRecorder$1.record(ThreadRecorder.java:55)
	at com.android.builder.profile.ThreadRecorder$1.record(ThreadRecorder.java:47)
	at com.android.build.gradle.internal.pipeline.TransformTask.transform(TransformTask.java:147)
	at org.gradle.internal.reflect.JavaMethod.invoke(JavaMethod.java:75)
	at org.gradle.api.internal.project.taskfactory.AnnotationProcessingTaskFactory$IncrementalTaskAction.doExecute(AnnotationProcessingTaskFactory.java:244)
	at org.gradle.api.internal.project.taskfactory.AnnotationProcessingTaskFactory$StandardTaskAction.execute(AnnotationProcessingTaskFactory.java:220)
	at org.gradle.api.internal.project.taskfactory.AnnotationProcessingTaskFactory$IncrementalTaskAction.execute(AnnotationProcessingTaskFactory.java:231)
	at org.gradle.api.internal.project.taskfactory.AnnotationProcessingTaskFactory$StandardTaskAction.execute(AnnotationProcessingTaskFactory.java:209)
	at org.gradle.api.internal.tasks.execution.ExecuteActionsTaskExecuter.executeAction(ExecuteActionsTaskExecuter.java:80)
	at org.gradle.api.internal.tasks.execution.ExecuteActionsTaskExecuter.executeActions(ExecuteActionsTaskExecuter.java:61)
	... 60 more
Caused by: com.android.ide.common.process.ProcessException: org.gradle.process.internal.ExecException: Process 'command '/Library/Java/JavaVirtualMachines/jdk1.8.0_172.jdk/Contents/Home/bin/java'' finished with non-zero exit value 1
	at com.android.build.gradle.internal.process.GradleProcessResult.assertNormalExitValue(GradleProcessResult.java:42)
	at com.android.builder.core.AndroidBuilder.preDexLibrary(AndroidBuilder.java:1454)
	at com.android.builder.internal.compiler.PreDexCache.preDexLibrary(PreDexCache.java:122)
	at com.android.builder.core.AndroidBuilder.preDexLibrary(AndroidBuilder.java:1399)
	at com.android.build.gradle.internal.transforms.DexTransform$PreDexTask.call(DexTransform.java:456)
	at com.android.build.gradle.internal.transforms.DexTransform$PreDexTask.call(DexTransform.java:410)
Caused by: org.gradle.process.internal.ExecException: Process 'command '/Library/Java/JavaVirtualMachines/jdk1.8.0_172.jdk/Contents/Home/bin/java'' finished with non-zero exit value 1
	at org.gradle.process.internal.DefaultExecHandle$ExecResultImpl.assertNormalExitValue(DefaultExecHandle.java:367)
	at com.android.build.gradle.internal.process.GradleProcessResult.assertNormalExitValue(GradleProcessResult.java:40)
	... 5 more


BUILD FAILED

Total time: 4.584 secs

2019-07-07 00:52:01,577 INFO  ProjectTaskService - Detecting possible tasks...
2019-07-07 00:52:01,577 INFO  SysUtils - Execute command: [/var/folders/bq/vtzpc5ns5sg2cthy61lqpg3dfzgbys/T/1562435350020-0/src/gradlew, -b, /var/folders/bq/vtzpc5ns5sg2cthy61lqpg3dfzgbys/T/1562435350020-0/src/domain/build.gradle, -Dorg.gradle.daemon=false, -Dorg.gradle.daemon.performance.enable-monitoring=false, -Dorg.gradle.configureondemand=true, tasks]
2019-07-07 00:52:09,415 ERROR ProjectTaskService - Could not detect possible Gradle tasks: Process exited with an error: 1 (Exit value: 1)
2019-07-07 00:52:09,415 INFO  ProjectTaskService - Detected possible tasks: 0
2019-07-07 00:52:09,416 INFO  ProjectTaskService - Excluded tasks (0): none
2019-07-07 00:52:09,416 INFO  SysUtils - Execute command: [/var/folders/bq/vtzpc5ns5sg2cthy61lqpg3dfzgbys/T/1562435350020-0/src/gradlew, -b, /var/folders/bq/vtzpc5ns5sg2cthy61lqpg3dfzgbys/T/1562435350020-0/src/domain/build.gradle, -Dorg.gradle.daemon=false, -Dorg.gradle.daemon.performance.enable-monitoring=false, -Dorg.gradle.configureondemand=true, --stacktrace, build]
2019-07-07 00:52:12,279 INFO  SysUtils - Configuration on demand is an incubating feature.
:domain:compileJava UP-TO-DATE
:domain:processResources UP-TO-DATE
:domain:classes UP-TO-DATE
:domain:jar UP-TO-DATE
:domain:assemble UP-TO-DATE
:domain:compileTestJava UP-TO-DATE
:domain:processTestResources UP-TO-DATE
:domain:testClasses UP-TO-DATE
:domain:test UP-TO-DATE
:domain:check UP-TO-DATE
:domain:build UP-TO-DATE

BUILD SUCCESSFUL

Total time: 2.36 secs

2019-07-07 00:52:12,318 INFO  ProjectTaskService - Detecting possible tasks...
2019-07-07 00:52:12,318 INFO  SysUtils - Execute command: [/var/folders/bq/vtzpc5ns5sg2cthy61lqpg3dfzgbys/T/1562435350020-0/src/gradlew, -b, /var/folders/bq/vtzpc5ns5sg2cthy61lqpg3dfzgbys/T/1562435350020-0/src/presentation/build.gradle, -Dorg.gradle.daemon=false, -Dorg.gradle.daemon.performance.enable-monitoring=false, -Dorg.gradle.configureondemand=true, tasks]
2019-07-07 00:52:17,015 ERROR ProjectTaskService - Could not detect possible Gradle tasks: Process exited with an error: 1 (Exit value: 1)
2019-07-07 00:52:17,015 INFO  ProjectTaskService - Detected possible tasks: 0
2019-07-07 00:52:17,016 INFO  ProjectTaskService - Excluded tasks (0): none
2019-07-07 00:52:17,016 INFO  SysUtils - Execute command: [/var/folders/bq/vtzpc5ns5sg2cthy61lqpg3dfzgbys/T/1562435350020-0/src/gradlew, -b, /var/folders/bq/vtzpc5ns5sg2cthy61lqpg3dfzgbys/T/1562435350020-0/src/presentation/build.gradle, -Dorg.gradle.daemon=false, -Dorg.gradle.daemon.performance.enable-monitoring=false, -Dorg.gradle.configureondemand=true, --stacktrace, build]
2019-07-07 00:52:19,898 INFO  SysUtils - Configuration on demand is an incubating feature.
:domain:compileJava UP-TO-DATE
:domain:processResources UP-TO-DATE
:domain:classes UP-TO-DATE
:domain:jar UP-TO-DATE
:presentation:compileJava UP-TO-DATE
:presentation:processResources UP-TO-DATE
:presentation:classes UP-TO-DATE
:presentation:jar UP-TO-DATE
:presentation:assemble UP-TO-DATE
:presentation:compileTestJava UP-TO-DATE
:presentation:processTestResources UP-TO-DATE
:presentation:testClasses UP-TO-DATE
:presentation:test UP-TO-DATE
:presentation:check UP-TO-DATE
:presentation:build UP-TO-DATE

BUILD SUCCESSFUL

Total time: 2.344 secs

2019-07-07 00:52:19,936 INFO  ProjectTaskService - Detecting possible tasks...
2019-07-07 00:52:19,937 INFO  SysUtils - Execute command: [/var/folders/bq/vtzpc5ns5sg2cthy61lqpg3dfzgbys/T/1562435350020-0/src/gradlew, -b, /var/folders/bq/vtzpc5ns5sg2cthy61lqpg3dfzgbys/T/1562435350020-0/src/repository/build.gradle, -Dorg.gradle.daemon=false, -Dorg.gradle.daemon.performance.enable-monitoring=false, -Dorg.gradle.configureondemand=true, tasks]
2019-07-07 00:52:24,594 ERROR ProjectTaskService - Could not detect possible Gradle tasks: Process exited with an error: 1 (Exit value: 1)
2019-07-07 00:52:24,594 INFO  ProjectTaskService - Detected possible tasks: 0
2019-07-07 00:52:24,594 INFO  ProjectTaskService - Excluded tasks (0): none
2019-07-07 00:52:24,594 INFO  SysUtils - Execute command: [/var/folders/bq/vtzpc5ns5sg2cthy61lqpg3dfzgbys/T/1562435350020-0/src/gradlew, -b, /var/folders/bq/vtzpc5ns5sg2cthy61lqpg3dfzgbys/T/1562435350020-0/src/repository/build.gradle, -Dorg.gradle.daemon=false, -Dorg.gradle.daemon.performance.enable-monitoring=false, -Dorg.gradle.configureondemand=true, --stacktrace, build]
2019-07-07 00:52:27,459 INFO  SysUtils - Configuration on demand is an incubating feature.
:domain:compileJava UP-TO-DATE
:domain:processResources UP-TO-DATE
:domain:classes UP-TO-DATE
:domain:jar UP-TO-DATE
:repository:compileJava UP-TO-DATE
:repository:processResources UP-TO-DATE
:repository:classes UP-TO-DATE
:repository:jar UP-TO-DATE
:repository:assemble UP-TO-DATE
:repository:compileTestJava UP-TO-DATE
:repository:processTestResources UP-TO-DATE
:repository:testClasses UP-TO-DATE
:repository:test UP-TO-DATE
:repository:check UP-TO-DATE
:repository:build UP-TO-DATE

BUILD SUCCESSFUL

Total time: 2.324 secs

2019-07-07 00:52:27,499 ERROR FullProcessService - Project build has not produced APK file
2019-07-07 00:52:27,533 ERROR FullProcessService - Could not find generated or existed APK file
