2018-11-11 23:37:33,629 INFO  DownloadService - Downloading "https://github.com/PierfrancescoSoffritti/GoogleWebOAuth/archive/master.zip", attempt 3
2018-11-11 23:37:35,303 INFO  DownloadService - Downloaded https://github.com/PierfrancescoSoffritti/GoogleWebOAuth/archive/master.zip, attempt 3
2018-11-11 23:37:35,303 INFO  DownloadService - Size of file "/var/folders/bq/vtzpc5ns5sg2cthy61lqpg3dfzgbys/T/1541954253626-0/master.zip": 2 MB
2018-11-11 23:37:35,303 INFO  ArchiveUtils - Checking entries [.gradle] in ZIP file...
2018-11-11 23:37:35,306 INFO  ArchiveUtils - Has entries [.gradle] in ZIP file /var/folders/bq/vtzpc5ns5sg2cthy61lqpg3dfzgbys/T/1541954253626-0/master.zip: true
2018-11-11 23:37:35,306 DEBUG ZipUtil - Extracting '/var/folders/bq/vtzpc5ns5sg2cthy61lqpg3dfzgbys/T/1541954253626-0/master.zip' into '/var/folders/bq/vtzpc5ns5sg2cthy61lqpg3dfzgbys/T/1541954253626-0/src'.
2018-11-11 23:37:35,338 INFO  FullProcessService - Size of directory with sources: 2 MB
2018-11-11 23:37:35,338 INFO  SysUtils - Execute command: [git, init, /var/folders/bq/vtzpc5ns5sg2cthy61lqpg3dfzgbys/T/1541954253626-0/src]
2018-11-11 23:37:35,360 INFO  SysUtils - Initialized empty Git repository in /private/var/folders/bq/vtzpc5ns5sg2cthy61lqpg3dfzgbys/T/1541954253626-0/src/.git/

2018-11-11 23:37:35,363 INFO  ProjectBuildService - Gradle wrapper(s): /var/folders/bq/vtzpc5ns5sg2cthy61lqpg3dfzgbys/T/1541954253626-0/src/GoogleWebOAuth-master/gradlew
2018-11-11 23:37:35,366 INFO  ProjectBuildService - Build script(s): /var/folders/bq/vtzpc5ns5sg2cthy61lqpg3dfzgbys/T/1541954253626-0/src/GoogleWebOAuth-master/webbasedoauth-sample/build.gradle /var/folders/bq/vtzpc5ns5sg2cthy61lqpg3dfzgbys/T/1541954253626-0/src/GoogleWebOAuth-master/webbasedoauth/build.gradle /var/folders/bq/vtzpc5ns5sg2cthy61lqpg3dfzgbys/T/1541954253626-0/src/GoogleWebOAuth-master/build.gradle
2018-11-11 23:37:35,369 INFO  ProjectBuildService - All script(s): /var/folders/bq/vtzpc5ns5sg2cthy61lqpg3dfzgbys/T/1541954253626-0/src/GoogleWebOAuth-master/webbasedoauth/build.gradle /var/folders/bq/vtzpc5ns5sg2cthy61lqpg3dfzgbys/T/1541954253626-0/src/GoogleWebOAuth-master/webbasedoauth-sample/build.gradle /var/folders/bq/vtzpc5ns5sg2cthy61lqpg3dfzgbys/T/1541954253626-0/src/GoogleWebOAuth-master/build.gradle /var/folders/bq/vtzpc5ns5sg2cthy61lqpg3dfzgbys/T/1541954253626-0/src/GoogleWebOAuth-master/settings.gradle
2018-11-11 23:37:35,370 INFO  ProjectBuildService - Remote scripts: none
2018-11-11 23:37:35,370 INFO  ProjectFixService - Fixing project...
2018-11-11 23:37:35,377 INFO  LocalPropertiesFixService - Created fake /var/folders/bq/vtzpc5ns5sg2cthy61lqpg3dfzgbys/T/1541954253626-0/src/GoogleWebOAuth-master/webbasedoauth-sample/local.properties
2018-11-11 23:37:35,378 INFO  ProjectFixService - Build info for "/var/folders/bq/vtzpc5ns5sg2cthy61lqpg3dfzgbys/T/1541954253626-0/src/GoogleWebOAuth-master/webbasedoauth-sample/build.gradle": [buildToolsVersion=23.0.3,compileSdkVersion=24,minSdkVersion=8,targetSdkVersion=24]
2018-11-11 23:37:35,379 INFO  LocalPropertiesFixService - Created fake /var/folders/bq/vtzpc5ns5sg2cthy61lqpg3dfzgbys/T/1541954253626-0/src/GoogleWebOAuth-master/webbasedoauth/local.properties
2018-11-11 23:37:35,379 INFO  ProjectFixService - Build info for "/var/folders/bq/vtzpc5ns5sg2cthy61lqpg3dfzgbys/T/1541954253626-0/src/GoogleWebOAuth-master/webbasedoauth/build.gradle": [buildToolsVersion=23.0.3,compileSdkVersion=24,minSdkVersion=8,targetSdkVersion=24]
2018-11-11 23:37:35,379 INFO  LocalPropertiesFixService - Created fake /var/folders/bq/vtzpc5ns5sg2cthy61lqpg3dfzgbys/T/1541954253626-0/src/GoogleWebOAuth-master/local.properties
2018-11-11 23:37:35,380 INFO  WrapperPropertiesFixService - Gradle wrapper: https://services.gradle.org/distributions/gradle-2.10-all.zip
2018-11-11 23:37:35,380 INFO  WrapperPropertiesFixService - Gradle wrapper was changed from "-all.zip" to "-bin.zip" (https://services.gradle.org/distributions/gradle-2.10-bin.zip)
2018-11-11 23:37:35,381 INFO  ProjectFixService - Build info for "/var/folders/bq/vtzpc5ns5sg2cthy61lqpg3dfzgbys/T/1541954253626-0/src/GoogleWebOAuth-master/build.gradle": [buildToolsVersion=23.0.3,compileSdkVersion=24,minSdkVersion=8,targetSdkVersion=24]
2018-11-11 23:37:35,381 INFO  ProjectFixService - Project was maybe fixed
2018-11-11 23:37:35,381 INFO  ProjectTaskService - Detecting possible tasks...
2018-11-11 23:37:35,381 INFO  SysUtils - Execute command: [/var/folders/bq/vtzpc5ns5sg2cthy61lqpg3dfzgbys/T/1541954253626-0/src/GoogleWebOAuth-master/gradlew, -b, /var/folders/bq/vtzpc5ns5sg2cthy61lqpg3dfzgbys/T/1541954253626-0/src/GoogleWebOAuth-master/webbasedoauth-sample/build.gradle, -Dorg.gradle.daemon=false, -Dorg.gradle.daemon.performance.enable-monitoring=false, -Dorg.gradle.configureondemand=true, tasks]
2018-11-11 23:38:01,279 INFO  ProjectTaskService - Detected possible tasks: 73
2018-11-11 23:38:01,279 INFO  ProjectTaskService - Excluded tasks (19): lintDebug mockableAndroidJar deviceCheck lint testReleaseUnitTest uninstallRelease deviceAndroidTest uninstallDebugAndroidTest installDebugAndroidTest connectedCheck connectedDebugAndroidTest uninstallAll test check testDebugUnitTest connectedAndroidTest installDebug lintRelease uninstallDebug
2018-11-11 23:38:01,279 INFO  SysUtils - Execute command: [/var/folders/bq/vtzpc5ns5sg2cthy61lqpg3dfzgbys/T/1541954253626-0/src/GoogleWebOAuth-master/gradlew, -b, /var/folders/bq/vtzpc5ns5sg2cthy61lqpg3dfzgbys/T/1541954253626-0/src/GoogleWebOAuth-master/webbasedoauth-sample/build.gradle, -Dorg.gradle.daemon=false, -Dorg.gradle.daemon.performance.enable-monitoring=false, -Dorg.gradle.configureondemand=true, --stacktrace, -x, lintDebug, -x, mockableAndroidJar, -x, deviceCheck, -x, lint, -x, testReleaseUnitTest, -x, uninstallRelease, -x, deviceAndroidTest, -x, uninstallDebugAndroidTest, -x, installDebugAndroidTest, -x, connectedCheck, -x, connectedDebugAndroidTest, -x, uninstallAll, -x, test, -x, check, -x, testDebugUnitTest, -x, connectedAndroidTest, -x, installDebug, -x, lintRelease, -x, uninstallDebug, build]
2018-11-11 23:38:23,604 ERROR SysUtils - Could not process external command
org.apache.commons.exec.ExecuteException: Process exited with an error: 1 (Exit value: 1)
	at org.apache.commons.exec.DefaultExecutor.executeInternal(DefaultExecutor.java:404)
	at org.apache.commons.exec.DefaultExecutor.execute(DefaultExecutor.java:166)
	at com.github.vbauer.apkmaster.util.SysUtils.execute(SysUtils.java:67)
	at com.github.vbauer.apkmaster.util.SysUtils.executeSimple(SysUtils.java:43)
	at com.github.vbauer.apkmaster.service.assembly.ProjectBuildService.buildProject(ProjectBuildService.java:78)
	at com.github.vbauer.apkmaster.service.assembly.ProjectBuildService.buildProject(ProjectBuildService.java:64)
	at com.github.vbauer.apkmaster.service.assembly.ProjectBuildService.buildProject(ProjectBuildService.java:43)
	at com.github.vbauer.apkmaster.service.FullProcessService.build(FullProcessService.java:84)
	at com.github.vbauer.apkmaster.service.FullProcessService.process(FullProcessService.java:34)
	at com.github.vbauer.apkmaster.app.MainApplication.process(MainApplication.java:38)
	at com.github.vbauer.apkmaster.app.MainApplication.main(MainApplication.java:20)
	at sun.reflect.NativeMethodAccessorImpl.invoke0(Native Method)
	at sun.reflect.NativeMethodAccessorImpl.invoke(NativeMethodAccessorImpl.java:62)
	at sun.reflect.DelegatingMethodAccessorImpl.invoke(DelegatingMethodAccessorImpl.java:43)
	at java.lang.reflect.Method.invoke(Method.java:498)
	at com.android.arsenal.util.ReflectionUtils.invoke(ReflectionUtils.java:52)
	at com.android.arsenal.util.ApkMasterUtils.main(ApkMasterUtils.java:30)
	at com.android.arsenal.service.processor.impl.BuildProcessorServiceImpl.buildProject(BuildProcessorServiceImpl.java:196)
	at com.android.arsenal.service.processor.impl.BuildProcessorServiceImpl.build(BuildProcessorServiceImpl.java:130)
	at com.android.arsenal.service.processor.impl.BuildProcessorServiceImpl.lambda$createTasks$1(BuildProcessorServiceImpl.java:113)
	at java.util.concurrent.FutureTask.run(FutureTask.java:266)
	at java.util.concurrent.Executors$RunnableAdapter.call(Executors.java:511)
	at java.util.concurrent.FutureTask.run(FutureTask.java:266)
	at java.util.concurrent.ThreadPoolExecutor.runWorker(ThreadPoolExecutor.java:1149)
	at java.util.concurrent.ThreadPoolExecutor$Worker.run(ThreadPoolExecutor.java:624)
	at java.lang.Thread.run(Thread.java:748)
2018-11-11 23:38:23,604 INFO  SysUtils - Configuration on demand is an incubating feature.
Incremental java compilation is an incubating feature.
WARNING: Dependency org.apache.httpcomponents:httpclient:4.0.1 is ignored for debug as it may be conflicting with the internal version provided by Android.
         In case of problem, please repackage it with jarjar to change the class packages
WARNING: Dependency org.apache.httpcomponents:httpclient:4.0.1 is ignored for release as it may be conflicting with the internal version provided by Android.
         In case of problem, please repackage it with jarjar to change the class packages
Jack is required to support java 8 language features.
Jack is required to support java 8 language features.
:webbasedoauth:preBuild UP-TO-DATE
:webbasedoauth:preReleaseBuild UP-TO-DATE
:webbasedoauth:compileReleaseNdk UP-TO-DATE
:webbasedoauth:compileLint
:webbasedoauth:copyReleaseLint UP-TO-DATE
:webbasedoauth:checkReleaseManifest
:webbasedoauth:preDebugAndroidTestBuild UP-TO-DATE
:webbasedoauth:preDebugBuild UP-TO-DATE
:webbasedoauth:preDebugUnitTestBuild UP-TO-DATE
:webbasedoauth:preReleaseUnitTestBuild UP-TO-DATE
:webbasedoauth:prepareComAndroidSupportAnimatedVectorDrawable2411Library
:webbasedoauth:prepareComAndroidSupportAppcompatV72411Library
:webbasedoauth:prepareComAndroidSupportSupportV42411Library
:webbasedoauth:prepareComAndroidSupportSupportVectorDrawable2411Library
:webbasedoauth:prepareReleaseDependencies
:webbasedoauth:compileReleaseAidl
:webbasedoauth:compileReleaseRenderscript
:webbasedoauth:generateReleaseBuildConfig
:webbasedoauth:mergeReleaseShaders
:webbasedoauth:compileReleaseShaders
:webbasedoauth:generateReleaseAssets
:webbasedoauth:mergeReleaseAssets
:webbasedoauth:generateReleaseResValues
:webbasedoauth:generateReleaseResources
:webbasedoauth:mergeReleaseResources
:webbasedoauth:processReleaseManifest
:webbasedoauth:processReleaseResources
:webbasedoauth:generateReleaseSources
:webbasedoauth:incrementalReleaseJavaCompilationSafeguard
:webbasedoauth:compileReleaseJavaWithJavac
:webbasedoauth:compileReleaseJavaWithJavac - is not incremental (e.g. outputs have changed, no previous execution, etc.).
:webbasedoauth:extractReleaseAnnotations
:webbasedoauth:mergeReleaseProguardFiles
:webbasedoauth:packageReleaseRenderscript UP-TO-DATE
:webbasedoauth:packageReleaseResources
:webbasedoauth:processReleaseJavaRes UP-TO-DATE
:webbasedoauth:transformResourcesWithMergeJavaResForRelease
:webbasedoauth:transformClassesAndResourcesWithSyncLibJarsForRelease
:webbasedoauth:mergeReleaseJniLibFolders
:webbasedoauth:transformNative_libsWithMergeJniLibsForRelease
:webbasedoauth:transformNative_libsWithSyncJniLibsForRelease
:webbasedoauth:bundleRelease
:webbasedoauth-sample:preBuild UP-TO-DATE
:webbasedoauth-sample:preDebugBuild UP-TO-DATE
:webbasedoauth-sample:checkDebugManifest
:webbasedoauth-sample:preReleaseBuild UP-TO-DATE
:webbasedoauth-sample:prepareComAndroidSupportAnimatedVectorDrawable2411Library
:webbasedoauth-sample:prepareComAndroidSupportAppcompatV72411Library
:webbasedoauth-sample:prepareComAndroidSupportSupportV42411Library
:webbasedoauth-sample:prepareComAndroidSupportSupportVectorDrawable2411Library
:webbasedoauth-sample:prepareComJakewhartonButterknife801Library
:webbasedoauth-sample:prepareGoogleWebOAuthMasterWebbasedoauthUnspecifiedLibrary
:webbasedoauth-sample:prepareDebugDependencies
:webbasedoauth-sample:compileDebugAidl
:webbasedoauth-sample:compileDebugRenderscript
:webbasedoauth-sample:generateDebugBuildConfig
:webbasedoauth-sample:mergeDebugShaders
:webbasedoauth-sample:compileDebugShaders
:webbasedoauth-sample:generateDebugAssets
:webbasedoauth-sample:mergeDebugAssets
:webbasedoauth-sample:generateDebugResValues
:webbasedoauth-sample:generateDebugResources
:webbasedoauth-sample:mergeDebugResources
:webbasedoauth-sample:processDebugManifest
:webbasedoauth-sample:processDebugResources
:webbasedoauth-sample:generateDebugSources
:webbasedoauth-sample:incrementalDebugJavaCompilationSafeguard
:webbasedoauth-sample:compileDebugJavaWithJavacNote: /private/var/folders/bq/vtzpc5ns5sg2cthy61lqpg3dfzgbys/T/1541954253626-0/src/GoogleWebOAuth-master/webbasedoauth-sample/build/generated/source/apt/debug/com/pierfrancescosoffritti/webbasedoauth_sample/MainActivity$$ViewBinder.java uses unchecked or unsafe operations.
Note: Recompile with -Xlint:unchecked for details.

:webbasedoauth-sample:compileDebugNdk UP-TO-DATE
:webbasedoauth-sample:compileDebugSources
:webbasedoauth-sample:prePackageMarkerForDebug
:webbasedoauth-sample:transformClassesWithRetrolambdaForDebug
:webbasedoauth-sample:transformClassesWithDexForDebug
Result compacted from 6230.9KiB to 4808.7KiB to save 1422.3KiB
Merged dex #1 (14 defs/18.9KiB)
Merged dex #2 (28 defs/10.3KiB)
Merged dex #3 (5 defs/15.3KiB)
Merged dex #4 (355 defs/574.2KiB)
Merged dex #5 (819 defs/997.1KiB)
Merged dex #6 (17 defs/48.5KiB)
Merged dex #7 (17 defs/17.3KiB)
Merged dex #8 (110 defs/146.8KiB)
Merged dex #9 (8 defs/8.7KiB)
Merged dex #10 (68 defs/86.9KiB)
Merged dex #11 (276 defs/381.8KiB)
Merged dex #12 (276 defs/310.8KiB)
Merged dex #13 (11 defs/12.0KiB)
Merged dex #14 (5 defs/8.1KiB)
Merged dex #15 (47 defs/57.8KiB)
Merged dex #16 (1599 defs/1701.6KiB)
Merged dex #17 (363 defs/280.8KiB)
Merged dex #18 (89 defs/228.7KiB)
Merged dex #19 (35 defs/9.0KiB)
Merged dex #20 (55 defs/120.1KiB)
Merged dex #21 (46 defs/7.4KiB)
Result is 4243 defs/4808.7KiB. Took 0.6s
:webbasedoauth-sample:mergeDebugJniLibFolders
:webbasedoauth-sample:transformNative_libsWithMergeJniLibsForDebug
:webbasedoauth-sample:processDebugJavaRes UP-TO-DATE
:webbasedoauth-sample:transformResourcesWithMergeJavaResForDebug
:webbasedoauth-sample:validateDebugSigning
:webbasedoauth-sample:packageDebug
:webbasedoauth-sample:zipalignDebug
:webbasedoauth-sample:assembleDebug
:webbasedoauth-sample:checkReleaseManifest
:webbasedoauth-sample:prepareReleaseDependencies
:webbasedoauth-sample:compileReleaseAidl
:webbasedoauth-sample:compileReleaseRenderscript
:webbasedoauth-sample:generateReleaseBuildConfig
:webbasedoauth-sample:mergeReleaseShaders
:webbasedoauth-sample:compileReleaseShaders
:webbasedoauth-sample:generateReleaseAssets
:webbasedoauth-sample:mergeReleaseAssets
:webbasedoauth-sample:generateReleaseResValues
:webbasedoauth-sample:generateReleaseResources
:webbasedoauth-sample:mergeReleaseResources
:webbasedoauth-sample:processReleaseManifest
:webbasedoauth-sample:processReleaseResources
:webbasedoauth-sample:generateReleaseSources
:webbasedoauth-sample:incrementalReleaseJavaCompilationSafeguard
:webbasedoauth-sample:compileReleaseJavaWithJavacNote: /private/var/folders/bq/vtzpc5ns5sg2cthy61lqpg3dfzgbys/T/1541954253626-0/src/GoogleWebOAuth-master/webbasedoauth-sample/build/generated/source/apt/release/com/pierfrancescosoffritti/webbasedoauth_sample/MainActivity$$ViewBinder.java uses unchecked or unsafe operations.
Note: Recompile with -Xlint:unchecked for details.

:webbasedoauth-sample:compileReleaseNdk UP-TO-DATE
:webbasedoauth-sample:compileReleaseSources
:webbasedoauth-sample:lintVitalRelease FAILED

FAILURE: Build failed with an exception.

* What went wrong:
Execution failed for task ':webbasedoauth-sample:lintVitalRelease'.
> No toolchains found in the NDK toolchains folder for ABI with prefix: mipsel-linux-android

* Try:
Run with --info or --debug option to get more log output.

* Exception is:
org.gradle.api.tasks.TaskExecutionException: Execution failed for task ':webbasedoauth-sample:lintVitalRelease'.
	at org.gradle.api.internal.tasks.execution.ExecuteActionsTaskExecuter.executeActions(ExecuteActionsTaskExecuter.java:69)
	at org.gradle.api.internal.tasks.execution.ExecuteActionsTaskExecuter.execute(ExecuteActionsTaskExecuter.java:46)
	at org.gradle.api.internal.tasks.execution.PostExecutionAnalysisTaskExecuter.execute(PostExecutionAnalysisTaskExecuter.java:35)
	at org.gradle.api.internal.tasks.execution.SkipUpToDateTaskExecuter.execute(SkipUpToDateTaskExecuter.java:64)
	at org.gradle.api.internal.tasks.execution.ValidatingTaskExecuter.execute(ValidatingTaskExecuter.java:58)
	at org.gradle.api.internal.tasks.execution.SkipEmptySourceFilesTaskExecuter.execute(SkipEmptySourceFilesTaskExecuter.java:52)
	at org.gradle.api.internal.tasks.execution.SkipTaskWithNoActionsExecuter.execute(SkipTaskWithNoActionsExecuter.java:52)
	at org.gradle.api.internal.tasks.execution.SkipOnlyIfTaskExecuter.execute(SkipOnlyIfTaskExecuter.java:53)
	at org.gradle.api.internal.tasks.execution.ExecuteAtMostOnceTaskExecuter.execute(ExecuteAtMostOnceTaskExecuter.java:43)
	at org.gradle.execution.taskgraph.DefaultTaskGraphExecuter$EventFiringTaskWorker.execute(DefaultTaskGraphExecuter.java:203)
	at org.gradle.execution.taskgraph.DefaultTaskGraphExecuter$EventFiringTaskWorker.execute(DefaultTaskGraphExecuter.java:185)
	at org.gradle.execution.taskgraph.AbstractTaskPlanExecutor$TaskExecutorWorker.processTask(AbstractTaskPlanExecutor.java:66)
	at org.gradle.execution.taskgraph.AbstractTaskPlanExecutor$TaskExecutorWorker.run(AbstractTaskPlanExecutor.java:50)
	at org.gradle.execution.taskgraph.DefaultTaskPlanExecutor.process(DefaultTaskPlanExecutor.java:25)
	at org.gradle.execution.taskgraph.DefaultTaskGraphExecuter.execute(DefaultTaskGraphExecuter.java:110)
	at org.gradle.execution.SelectedTaskExecutionAction.execute(SelectedTaskExecutionAction.java:37)
	at org.gradle.execution.DefaultBuildExecuter.execute(DefaultBuildExecuter.java:37)
	at org.gradle.execution.DefaultBuildExecuter.access$000(DefaultBuildExecuter.java:23)
	at org.gradle.execution.DefaultBuildExecuter$1.proceed(DefaultBuildExecuter.java:43)
	at org.gradle.execution.DryRunBuildExecutionAction.execute(DryRunBuildExecutionAction.java:32)
	at org.gradle.execution.DefaultBuildExecuter.execute(DefaultBuildExecuter.java:37)
	at org.gradle.execution.DefaultBuildExecuter.execute(DefaultBuildExecuter.java:30)
	at org.gradle.initialization.DefaultGradleLauncher$4.run(DefaultGradleLauncher.java:154)
	at org.gradle.internal.Factories$1.create(Factories.java:22)
	at org.gradle.internal.progress.DefaultBuildOperationExecutor.run(DefaultBuildOperationExecutor.java:90)
	at org.gradle.internal.progress.DefaultBuildOperationExecutor.run(DefaultBuildOperationExecutor.java:52)
	at org.gradle.initialization.DefaultGradleLauncher.doBuildStages(DefaultGradleLauncher.java:151)
	at org.gradle.initialization.DefaultGradleLauncher.access$200(DefaultGradleLauncher.java:32)
	at org.gradle.initialization.DefaultGradleLauncher$1.create(DefaultGradleLauncher.java:99)
	at org.gradle.initialization.DefaultGradleLauncher$1.create(DefaultGradleLauncher.java:93)
	at org.gradle.internal.progress.DefaultBuildOperationExecutor.run(DefaultBuildOperationExecutor.java:90)
	at org.gradle.internal.progress.DefaultBuildOperationExecutor.run(DefaultBuildOperationExecutor.java:62)
	at org.gradle.initialization.DefaultGradleLauncher.doBuild(DefaultGradleLauncher.java:93)
	at org.gradle.initialization.DefaultGradleLauncher.run(DefaultGradleLauncher.java:82)
	at org.gradle.launcher.exec.InProcessBuildActionExecuter$DefaultBuildController.run(InProcessBuildActionExecuter.java:94)
	at org.gradle.tooling.internal.provider.ExecuteBuildActionRunner.run(ExecuteBuildActionRunner.java:28)
	at org.gradle.launcher.exec.ChainingBuildActionRunner.run(ChainingBuildActionRunner.java:35)
	at org.gradle.launcher.exec.InProcessBuildActionExecuter.execute(InProcessBuildActionExecuter.java:43)
	at org.gradle.launcher.exec.InProcessBuildActionExecuter.execute(InProcessBuildActionExecuter.java:28)
	at org.gradle.launcher.exec.ContinuousBuildActionExecuter.execute(ContinuousBuildActionExecuter.java:78)
	at org.gradle.launcher.exec.ContinuousBuildActionExecuter.execute(ContinuousBuildActionExecuter.java:48)
	at org.gradle.launcher.exec.DaemonUsageSuggestingBuildActionExecuter.execute(DaemonUsageSuggestingBuildActionExecuter.java:51)
	at org.gradle.launcher.exec.DaemonUsageSuggestingBuildActionExecuter.execute(DaemonUsageSuggestingBuildActionExecuter.java:28)
	at org.gradle.launcher.cli.RunBuildAction.run(RunBuildAction.java:43)
	at org.gradle.internal.Actions$RunnableActionAdapter.execute(Actions.java:170)
	at org.gradle.launcher.cli.CommandLineActionFactory$ParseAndBuildAction.execute(CommandLineActionFactory.java:237)
	at org.gradle.launcher.cli.CommandLineActionFactory$ParseAndBuildAction.execute(CommandLineActionFactory.java:210)
	at org.gradle.launcher.cli.JavaRuntimeValidationAction.execute(JavaRuntimeValidationAction.java:35)
	at org.gradle.launcher.cli.JavaRuntimeValidationAction.execute(JavaRuntimeValidationAction.java:24)
	at org.gradle.launcher.cli.CommandLineActionFactory$WithLogging.execute(CommandLineActionFactory.java:206)
	at org.gradle.launcher.cli.CommandLineActionFactory$WithLogging.execute(CommandLineActionFactory.java:169)
	at org.gradle.launcher.cli.ExceptionReportingAction.execute(ExceptionReportingAction.java:33)
	at org.gradle.launcher.cli.ExceptionReportingAction.execute(ExceptionReportingAction.java:22)
	at org.gradle.launcher.Main.doAction(Main.java:33)
	at org.gradle.launcher.bootstrap.EntryPoint.run(EntryPoint.java:45)
	at org.gradle.launcher.bootstrap.ProcessBootstrap.runNoExit(ProcessBootstrap.java:54)
	at org.gradle.launcher.bootstrap.ProcessBootstrap.run(ProcessBootstrap.java:35)
	at org.gradle.launcher.GradleMain.main(GradleMain.java:23)
	at org.gradle.wrapper.BootstrapMainStarter.start(BootstrapMainStarter.java:30)
	at org.gradle.wrapper.WrapperExecutor.execute(WrapperExecutor.java:129)
	at org.gradle.wrapper.GradleWrapperMain.main(GradleWrapperMain.java:61)
Caused by: java.lang.RuntimeException: No toolchains found in the NDK toolchains folder for ABI with prefix: mipsel-linux-android
	at com.android.build.gradle.internal.NdkHandler.getDefaultToolchainVersion(NdkHandler.java:375)
	at com.android.build.gradle.internal.NdkHandler.getToolchainPath(NdkHandler.java:273)
	at com.android.build.gradle.internal.NdkHandler.getCCompiler(NdkHandler.java:461)
	at com.android.build.gradle.internal.model.ModelBuilder.createNativeToolchainModelMap(ModelBuilder.java:227)
	at com.android.build.gradle.internal.model.ModelBuilder.buildAll(ModelBuilder.java:166)
	at org.gradle.tooling.provider.model.ToolingModelBuilder$buildAll.call(Unknown Source)
	at com.android.build.gradle.tasks.Lint.createAndroidProject(Lint.groovy:256)
	at com.android.build.gradle.tasks.Lint.lint(Lint.groovy:73)
	at org.gradle.internal.reflect.JavaMethod.invoke(JavaMethod.java:75)
	at org.gradle.api.internal.project.taskfactory.AnnotationProcessingTaskFactory$StandardTaskAction.doExecute(AnnotationProcessingTaskFactory.java:227)
	at org.gradle.api.internal.project.taskfactory.AnnotationProcessingTaskFactory$StandardTaskAction.execute(AnnotationProcessingTaskFactory.java:220)
	at org.gradle.api.internal.project.taskfactory.AnnotationProcessingTaskFactory$StandardTaskAction.execute(AnnotationProcessingTaskFactory.java:209)
	at org.gradle.api.internal.AbstractTask$TaskActionWrapper.execute(AbstractTask.java:585)
	at org.gradle.api.internal.AbstractTask$TaskActionWrapper.execute(AbstractTask.java:568)
	at org.gradle.api.internal.tasks.execution.ExecuteActionsTaskExecuter.executeAction(ExecuteActionsTaskExecuter.java:80)
	at org.gradle.api.internal.tasks.execution.ExecuteActionsTaskExecuter.executeActions(ExecuteActionsTaskExecuter.java:61)
	... 60 more


BUILD FAILED

Total time: 21.728 secs

2018-11-11 23:38:23,687 INFO  FullProcessService - Found APK file: /var/folders/bq/vtzpc5ns5sg2cthy61lqpg3dfzgbys/T/1541954253626-0/src/GoogleWebOAuth-master/webbasedoauth-sample/build/outputs/apk/webbasedoauth-sample-debug-unaligned.apk
