2019-07-08 00:28:37,722 INFO  DownloadService - Downloading "https://github.com/qinci/MarkdownEditors/archive/master.zip", attempt 3
2019-07-08 00:28:51,280 INFO  DownloadService - Downloaded https://github.com/qinci/MarkdownEditors/archive/master.zip, attempt 3
2019-07-08 00:28:51,281 INFO  DownloadService - Size of file "/var/folders/bq/vtzpc5ns5sg2cthy61lqpg3dfzgbys/T/1562520517719-0/master.zip": 15 MB
2019-07-08 00:28:51,281 INFO  ArchiveUtils - Checking entries [.gradle] in ZIP file...
2019-07-08 00:28:51,283 INFO  ArchiveUtils - Has entries [.gradle] in ZIP file /var/folders/bq/vtzpc5ns5sg2cthy61lqpg3dfzgbys/T/1562520517719-0/master.zip: true
2019-07-08 00:28:51,284 DEBUG ZipUtil - Extracting '/var/folders/bq/vtzpc5ns5sg2cthy61lqpg3dfzgbys/T/1562520517719-0/master.zip' into '/var/folders/bq/vtzpc5ns5sg2cthy61lqpg3dfzgbys/T/1562520517719-0/src'.
2019-07-08 00:28:51,445 INFO  FullProcessService - Size of directory with sources: 19 MB
2019-07-08 00:28:51,445 INFO  SysUtils - Execute command: [git, init, /var/folders/bq/vtzpc5ns5sg2cthy61lqpg3dfzgbys/T/1562520517719-0/src]
2019-07-08 00:28:51,462 INFO  SysUtils - Initialized empty Git repository in /private/var/folders/bq/vtzpc5ns5sg2cthy61lqpg3dfzgbys/T/1562520517719-0/src/.git/

2019-07-08 00:28:51,466 INFO  ProjectBuildService - Gradle wrapper(s): /var/folders/bq/vtzpc5ns5sg2cthy61lqpg3dfzgbys/T/1562520517719-0/src/MarkdownEditors-master/gradlew
2019-07-08 00:28:51,470 INFO  ProjectBuildService - Build script(s): /var/folders/bq/vtzpc5ns5sg2cthy61lqpg3dfzgbys/T/1562520517719-0/src/MarkdownEditors-master/app/build.gradle /var/folders/bq/vtzpc5ns5sg2cthy61lqpg3dfzgbys/T/1562520517719-0/src/MarkdownEditors-master/build.gradle
2019-07-08 00:28:51,474 INFO  ProjectBuildService - All script(s): /var/folders/bq/vtzpc5ns5sg2cthy61lqpg3dfzgbys/T/1562520517719-0/src/MarkdownEditors-master/app/build.gradle /var/folders/bq/vtzpc5ns5sg2cthy61lqpg3dfzgbys/T/1562520517719-0/src/MarkdownEditors-master/build.gradle /var/folders/bq/vtzpc5ns5sg2cthy61lqpg3dfzgbys/T/1562520517719-0/src/MarkdownEditors-master/settings.gradle
2019-07-08 00:28:51,474 INFO  ProjectBuildService - Remote scripts: none
2019-07-08 00:28:51,474 INFO  ProjectFixService - Fixing project...
2019-07-08 00:28:51,482 INFO  LocalPropertiesFixService - Created fake /var/folders/bq/vtzpc5ns5sg2cthy61lqpg3dfzgbys/T/1562520517719-0/src/MarkdownEditors-master/app/local.properties
2019-07-08 00:28:51,483 INFO  ProjectFixService - Build info for "/var/folders/bq/vtzpc5ns5sg2cthy61lqpg3dfzgbys/T/1562520517719-0/src/MarkdownEditors-master/app/build.gradle": [buildToolsVersion=23.0.2,compileSdkVersion=23,minSdkVersion=16,targetSdkVersion=22]
2019-07-08 00:28:51,483 INFO  LocalPropertiesFixService - Created fake /var/folders/bq/vtzpc5ns5sg2cthy61lqpg3dfzgbys/T/1562520517719-0/src/MarkdownEditors-master/local.properties
2019-07-08 00:28:51,483 INFO  WrapperPropertiesFixService - Gradle wrapper: https://services.gradle.org/distributions/gradle-2.10-all.zip
2019-07-08 00:28:51,483 INFO  WrapperPropertiesFixService - Gradle wrapper was changed from "-all.zip" to "-bin.zip" (https://services.gradle.org/distributions/gradle-2.10-bin.zip)
2019-07-08 00:28:51,484 INFO  ProjectFixService - Build info for "/var/folders/bq/vtzpc5ns5sg2cthy61lqpg3dfzgbys/T/1562520517719-0/src/MarkdownEditors-master/build.gradle": [buildToolsVersion=23.0.2,compileSdkVersion=23,minSdkVersion=16,targetSdkVersion=22]
2019-07-08 00:28:51,484 INFO  ProjectFixService - Project was maybe fixed
2019-07-08 00:28:51,484 INFO  ProjectTaskService - Detecting possible tasks...
2019-07-08 00:28:51,484 INFO  SysUtils - Execute command: [/var/folders/bq/vtzpc5ns5sg2cthy61lqpg3dfzgbys/T/1562520517719-0/src/MarkdownEditors-master/gradlew, -b, /var/folders/bq/vtzpc5ns5sg2cthy61lqpg3dfzgbys/T/1562520517719-0/src/MarkdownEditors-master/app/build.gradle, -Dorg.gradle.daemon=false, -Dorg.gradle.daemon.performance.enable-monitoring=false, -Dorg.gradle.configureondemand=true, tasks]
2019-07-08 00:29:04,382 INFO  ProjectTaskService - Detected possible tasks: 116
2019-07-08 00:29:04,382 INFO  ProjectTaskService - Excluded tasks (9): mockableAndroidJar deviceCheck lint deviceAndroidTest connectedCheck uninstallAll test check connectedAndroidTest
2019-07-08 00:29:04,382 INFO  SysUtils - Execute command: [/var/folders/bq/vtzpc5ns5sg2cthy61lqpg3dfzgbys/T/1562520517719-0/src/MarkdownEditors-master/gradlew, -b, /var/folders/bq/vtzpc5ns5sg2cthy61lqpg3dfzgbys/T/1562520517719-0/src/MarkdownEditors-master/app/build.gradle, -Dorg.gradle.daemon=false, -Dorg.gradle.daemon.performance.enable-monitoring=false, -Dorg.gradle.configureondemand=true, --stacktrace, -x, mockableAndroidJar, -x, deviceCheck, -x, lint, -x, deviceAndroidTest, -x, connectedCheck, -x, uninstallAll, -x, test, -x, check, -x, connectedAndroidTest, build]
2019-07-08 00:29:43,678 ERROR SysUtils - Could not process external command
org.apache.commons.exec.ExecuteException: Process exited with an error: 1 (Exit value: 1)
	at org.apache.commons.exec.DefaultExecutor.executeInternal(DefaultExecutor.java:404)
	at org.apache.commons.exec.DefaultExecutor.execute(DefaultExecutor.java:166)
	at com.github.vbauer.apkmaster.util.SysUtils.execute(SysUtils.java:67)
	at com.github.vbauer.apkmaster.util.SysUtils.executeSimple(SysUtils.java:43)
	at com.github.vbauer.apkmaster.service.assembly.ProjectBuildService.buildProject(ProjectBuildService.java:78)
	at com.github.vbauer.apkmaster.service.assembly.ProjectBuildService.buildProject(ProjectBuildService.java:64)
	at com.github.vbauer.apkmaster.service.assembly.ProjectBuildService.buildProject(ProjectBuildService.java:43)
	at com.github.vbauer.apkmaster.service.FullProcessService.build(FullProcessService.java:84)
	at com.github.vbauer.apkmaster.service.FullProcessService.process(FullProcessService.java:34)
	at com.github.vbauer.apkmaster.app.MainApplication.process(MainApplication.java:38)
	at com.github.vbauer.apkmaster.app.MainApplication.main(MainApplication.java:20)
	at sun.reflect.GeneratedMethodAccessor9.invoke(Unknown Source)
	at sun.reflect.DelegatingMethodAccessorImpl.invoke(DelegatingMethodAccessorImpl.java:43)
	at java.lang.reflect.Method.invoke(Method.java:498)
	at com.android.arsenal.util.ReflectionUtils.invoke(ReflectionUtils.java:52)
	at com.android.arsenal.util.ApkMasterUtils.main(ApkMasterUtils.java:30)
	at com.android.arsenal.service.processor.impl.BuildProcessorServiceImpl.buildProject(BuildProcessorServiceImpl.java:196)
	at com.android.arsenal.service.processor.impl.BuildProcessorServiceImpl.build(BuildProcessorServiceImpl.java:130)
	at com.android.arsenal.service.processor.impl.BuildProcessorServiceImpl.lambda$createTasks$1(BuildProcessorServiceImpl.java:113)
	at java.util.concurrent.FutureTask.run(FutureTask.java:266)
	at java.util.concurrent.Executors$RunnableAdapter.call(Executors.java:511)
	at java.util.concurrent.FutureTask.run(FutureTask.java:266)
	at java.util.concurrent.ThreadPoolExecutor.runWorker(ThreadPoolExecutor.java:1149)
	at java.util.concurrent.ThreadPoolExecutor$Worker.run(ThreadPoolExecutor.java:624)
	at java.lang.Thread.run(Thread.java:748)
2019-07-08 00:29:43,679 INFO  SysUtils - Configuration on demand is an incubating feature.
Jack is required to support java 8 language features.
Incremental java compilation is an incubating feature.
Jack is required to support java 8 language features.
WARNING [Project: :app] To shrink resources you must also enable ProGuard
Jack is required to support java 8 language features.
Jack is required to support java 8 language features.
Jack is required to support java 8 language features.
WARNING [Project: :app] To shrink resources you must also enable ProGuard
Jack is required to support java 8 language features.
:app:preBuild UP-TO-DATE
:app:preFlavors_devDebugBuild UP-TO-DATE
:app:checkFlavors_devDebugManifest
:app:preFlavors_devDevBuild UP-TO-DATE
:app:preFlavors_devReleaseBuild UP-TO-DATE
:app:preFlavors_releaseDebugBuild UP-TO-DATE
:app:preFlavors_releaseDevBuild UP-TO-DATE
:app:preFlavors_releaseReleaseBuild UP-TO-DATE
:app:prepareComAndroidSupportAnimatedVectorDrawable2340Library
:app:prepareComAndroidSupportAppcompatV72340Library
:app:prepareComAndroidSupportDesign2311Library
:app:prepareComAndroidSupportMultidex101Library
:app:prepareComAndroidSupportRecyclerviewV72311Library
:app:prepareComAndroidSupportSupportV42340Library
:app:prepareComAndroidSupportSupportVectorDrawable2340Library
:app:prepareComDaimajiaNumberprogressbarLibrary12Library
:app:prepareComGithubMichaelRappAndroidBottomSheet130Library
:app:prepareComGithubMichaelRappAndroidUtil1411Library
:app:prepareComKaopizKprogresshud105Library
:app:prepareComSquareupLeakcanaryLeakcanaryAndroid13Library
:app:prepareIoReactivexRxandroid110Library
:app:prepareMeDrakeetLibraryCrashwoodpecker097Library
:app:prepareRenQincEditLib004Library
:app:prepareFlavors_devDebugDependencies
:app:compileFlavors_devDebugAidl
:app:compileFlavors_devDebugRenderscript
:app:generateFlavors_devDebugBuildConfig
:app:mergeFlavors_devDebugShaders
:app:compileFlavors_devDebugShaders
:app:generateFlavors_devDebugAssets
:app:mergeFlavors_devDebugAssets
:app:generateFlavors_devDebugResValues
:app:generateFlavors_devDebugResources
:app:mergeFlavors_devDebugResources
:app:processFlavors_devDebugManifest
:app:processFlavors_devDebugResources
:app:generateFlavors_devDebugSources
:app:incrementalFlavors_devDebugJavaCompilationSafeguard
:app:compileFlavors_devDebugJavaWithJavacNote: Some input files use or override a deprecated API.
Note: Recompile with -Xlint:deprecation for details.
Note: /private/var/folders/bq/vtzpc5ns5sg2cthy61lqpg3dfzgbys/T/1562520517719-0/src/MarkdownEditors-master/app/src/main/java/ren/qinc/markdowneditors/base/BaseToolbarActivity.java uses unchecked or unsafe operations.
Note: Recompile with -Xlint:unchecked for details.

:app:compileRetrolambdaFlavors_devDebug
:app:compileFlavors_devDebugNdk UP-TO-DATE
:app:compileFlavors_devDebugSources
:app:prePackageMarkerForFlavors_devDebug
:app:transformClassesWithJarMergingForFlavors_devDebug
:app:collectFlavors_devDebugMultiDexComponents
:app:transformClassesWithMultidexlistForFlavors_devDebug
ProGuard, version 5.2.1
Reading program jar [/private/var/folders/bq/vtzpc5ns5sg2cthy61lqpg3dfzgbys/T/1562520517719-0/src/MarkdownEditors-master/app/build/intermediates/transforms/jarMerging/flavors_dev/debug/jars/1/1f/combined.jar]
Reading library jar [/Users/vbauer/Library/Android/sdk/build-tools/23.0.2/lib/shrinkedAndroid.jar]
Preparing output jar [/private/var/folders/bq/vtzpc5ns5sg2cthy61lqpg3dfzgbys/T/1562520517719-0/src/MarkdownEditors-master/app/build/intermediates/multi-dex/flavors_dev/debug/componentClasses.jar]
  Copying resources from program jar [/private/var/folders/bq/vtzpc5ns5sg2cthy61lqpg3dfzgbys/T/1562520517719-0/src/MarkdownEditors-master/app/build/intermediates/transforms/jarMerging/flavors_dev/debug/jars/1/1f/combined.jar]
:app:transformClassesWithDexForFlavors_devDebug
To run dex in process, the Gradle daemon needs a larger heap.
It currently has approximately 3641 MB.
For faster builds, increase the maximum heap size for the Gradle daemon to more than 5120 MB.
To do this set org.gradle.jvmargs=-Xmx5120M in the project gradle.properties.
For more information see https://docs.gradle.org/current/userguide/build_environment.html
:app:mergeFlavors_devDebugJniLibFolders
:app:transformNative_libsWithMergeJniLibsForFlavors_devDebug
:app:processFlavors_devDebugJavaRes UP-TO-DATE
:app:transformResourcesWithMergeJavaResForFlavors_devDebug
:app:validateDebugSigning
:app:packageFlavors_devDebug
:app:zipalignFlavors_devDebug
:app:assembleFlavors_devDebug
:app:checkFlavors_releaseDebugManifest
:app:prepareFlavors_releaseDebugDependencies
:app:compileFlavors_releaseDebugAidl
:app:compileFlavors_releaseDebugRenderscript
:app:generateFlavors_releaseDebugBuildConfig
:app:mergeFlavors_releaseDebugShaders
:app:compileFlavors_releaseDebugShaders
:app:generateFlavors_releaseDebugAssets
:app:mergeFlavors_releaseDebugAssets
:app:generateFlavors_releaseDebugResValues
:app:generateFlavors_releaseDebugResources
:app:mergeFlavors_releaseDebugResources
:app:processFlavors_releaseDebugManifest
:app:processFlavors_releaseDebugResources
:app:generateFlavors_releaseDebugSources
:app:incrementalFlavors_releaseDebugJavaCompilationSafeguard
:app:compileFlavors_releaseDebugJavaWithJavacNote: Some input files use or override a deprecated API.
Note: Recompile with -Xlint:deprecation for details.
Note: /private/var/folders/bq/vtzpc5ns5sg2cthy61lqpg3dfzgbys/T/1562520517719-0/src/MarkdownEditors-master/app/src/main/java/ren/qinc/markdowneditors/base/BaseToolbarActivity.java uses unchecked or unsafe operations.
Note: Recompile with -Xlint:unchecked for details.

:app:compileRetrolambdaFlavors_releaseDebug
:app:compileFlavors_releaseDebugNdk UP-TO-DATE
:app:compileFlavors_releaseDebugSources
:app:prePackageMarkerForFlavors_releaseDebug
:app:transformClassesWithJarMergingForFlavors_releaseDebug
:app:collectFlavors_releaseDebugMultiDexComponents
:app:transformClassesWithMultidexlistForFlavors_releaseDebug
ProGuard, version 5.2.1
Reading program jar [/private/var/folders/bq/vtzpc5ns5sg2cthy61lqpg3dfzgbys/T/1562520517719-0/src/MarkdownEditors-master/app/build/intermediates/transforms/jarMerging/flavors_release/debug/jars/1/1f/combined.jar]
Reading library jar [/Users/vbauer/Library/Android/sdk/build-tools/23.0.2/lib/shrinkedAndroid.jar]
Preparing output jar [/private/var/folders/bq/vtzpc5ns5sg2cthy61lqpg3dfzgbys/T/1562520517719-0/src/MarkdownEditors-master/app/build/intermediates/multi-dex/flavors_release/debug/componentClasses.jar]
  Copying resources from program jar [/private/var/folders/bq/vtzpc5ns5sg2cthy61lqpg3dfzgbys/T/1562520517719-0/src/MarkdownEditors-master/app/build/intermediates/transforms/jarMerging/flavors_release/debug/jars/1/1f/combined.jar]
:app:transformClassesWithDexForFlavors_releaseDebug
:app:mergeFlavors_releaseDebugJniLibFolders
:app:transformNative_libsWithMergeJniLibsForFlavors_releaseDebug
:app:processFlavors_releaseDebugJavaRes UP-TO-DATE
:app:transformResourcesWithMergeJavaResForFlavors_releaseDebug
:app:packageFlavors_releaseDebug
:app:zipalignFlavors_releaseDebug
:app:assembleFlavors_releaseDebug
:app:assembleDebug
:app:checkFlavors_devDevManifest
:app:prepareFlavors_devDevDependencies
:app:compileFlavors_devDevAidl
:app:compileFlavors_devDevRenderscript
:app:generateFlavors_devDevBuildConfig
:app:mergeFlavors_devDevShaders
:app:compileFlavors_devDevShaders
:app:generateFlavors_devDevAssets
:app:mergeFlavors_devDevAssets
:app:generateFlavors_devDevResValues
:app:generateFlavors_devDevResources
:app:mergeFlavors_devDevResources
:app:processFlavors_devDevManifest
:app:processFlavors_devDevResources
:app:generateFlavors_devDevSources
:app:incrementalFlavors_devDevJavaCompilationSafeguard
:app:compileFlavors_devDevJavaWithJavac/private/var/folders/bq/vtzpc5ns5sg2cthy61lqpg3dfzgbys/T/1562520517719-0/src/MarkdownEditors-master/app/src/main/java/ren/qinc/markdowneditors/base/BaseFragment.java:28: error: package com.squareup.leakcanary does not exist
import com.squareup.leakcanary.RefWatcher;
                              ^
/private/var/folders/bq/vtzpc5ns5sg2cthy61lqpg3dfzgbys/T/1562520517719-0/src/MarkdownEditors-master/app/src/main/java/ren/qinc/markdowneditors/base/BaseApplication.java:29: error: package com.squareup.leakcanary does not exist
import com.squareup.leakcanary.LeakCanary;
                              ^
/private/var/folders/bq/vtzpc5ns5sg2cthy61lqpg3dfzgbys/T/1562520517719-0/src/MarkdownEditors-master/app/src/main/java/ren/qinc/markdowneditors/base/BaseApplication.java:30: error: package com.squareup.leakcanary does not exist
import com.squareup.leakcanary.RefWatcher;
                              ^
/private/var/folders/bq/vtzpc5ns5sg2cthy61lqpg3dfzgbys/T/1562520517719-0/src/MarkdownEditors-master/app/src/main/java/ren/qinc/markdowneditors/base/BaseApplication.java:32: error: package me.drakeet.library does not exist
import me.drakeet.library.CrashWoodpecker;
                         ^
/private/var/folders/bq/vtzpc5ns5sg2cthy61lqpg3dfzgbys/T/1562520517719-0/src/MarkdownEditors-master/app/src/main/java/ren/qinc/markdowneditors/base/BaseApplication.java:45: error: cannot find symbol
    private RefWatcher refWatcher;
            ^
  symbol:   class RefWatcher
  location: class BaseApplication
/private/var/folders/bq/vtzpc5ns5sg2cthy61lqpg3dfzgbys/T/1562520517719-0/src/MarkdownEditors-master/app/src/main/java/ren/qinc/markdowneditors/base/BaseApplication.java:68: error: cannot find symbol
    public static RefWatcher getRefWatcher(Context context) {
                  ^
  symbol:   class RefWatcher
  location: class BaseApplication
6 errors
 FAILED
:app:compileRetrolambdaFlavors_devDev

FAILURE: Build failed with an exception.

* What went wrong:
Execution failed for task ':app:compileFlavors_devDevJavaWithJavac'.
> Compilation failed; see the compiler error output for details.

* Try:
Run with --info or --debug option to get more log output.

* Exception is:
org.gradle.api.tasks.TaskExecutionException: Execution failed for task ':app:compileFlavors_devDevJavaWithJavac'.
	at org.gradle.api.internal.tasks.execution.ExecuteActionsTaskExecuter.executeActions(ExecuteActionsTaskExecuter.java:69)
	at org.gradle.api.internal.tasks.execution.ExecuteActionsTaskExecuter.execute(ExecuteActionsTaskExecuter.java:46)
	at org.gradle.api.internal.tasks.execution.PostExecutionAnalysisTaskExecuter.execute(PostExecutionAnalysisTaskExecuter.java:35)
	at org.gradle.api.internal.tasks.execution.SkipUpToDateTaskExecuter.execute(SkipUpToDateTaskExecuter.java:64)
	at org.gradle.api.internal.tasks.execution.ValidatingTaskExecuter.execute(ValidatingTaskExecuter.java:58)
	at org.gradle.api.internal.tasks.execution.SkipEmptySourceFilesTaskExecuter.execute(SkipEmptySourceFilesTaskExecuter.java:52)
	at org.gradle.api.internal.tasks.execution.SkipTaskWithNoActionsExecuter.execute(SkipTaskWithNoActionsExecuter.java:52)
	at org.gradle.api.internal.tasks.execution.SkipOnlyIfTaskExecuter.execute(SkipOnlyIfTaskExecuter.java:53)
	at org.gradle.api.internal.tasks.execution.ExecuteAtMostOnceTaskExecuter.execute(ExecuteAtMostOnceTaskExecuter.java:43)
	at org.gradle.execution.taskgraph.DefaultTaskGraphExecuter$EventFiringTaskWorker.execute(DefaultTaskGraphExecuter.java:203)
	at org.gradle.execution.taskgraph.DefaultTaskGraphExecuter$EventFiringTaskWorker.execute(DefaultTaskGraphExecuter.java:185)
	at org.gradle.execution.taskgraph.AbstractTaskPlanExecutor$TaskExecutorWorker.processTask(AbstractTaskPlanExecutor.java:66)
	at org.gradle.execution.taskgraph.AbstractTaskPlanExecutor$TaskExecutorWorker.run(AbstractTaskPlanExecutor.java:50)
	at org.gradle.execution.taskgraph.DefaultTaskPlanExecutor.process(DefaultTaskPlanExecutor.java:25)
	at org.gradle.execution.taskgraph.DefaultTaskGraphExecuter.execute(DefaultTaskGraphExecuter.java:110)
	at org.gradle.execution.SelectedTaskExecutionAction.execute(SelectedTaskExecutionAction.java:37)
	at org.gradle.execution.DefaultBuildExecuter.execute(DefaultBuildExecuter.java:37)
	at org.gradle.execution.DefaultBuildExecuter.access$000(DefaultBuildExecuter.java:23)
	at org.gradle.execution.DefaultBuildExecuter$1.proceed(DefaultBuildExecuter.java:43)
	at org.gradle.execution.DryRunBuildExecutionAction.execute(DryRunBuildExecutionAction.java:32)
	at org.gradle.execution.DefaultBuildExecuter.execute(DefaultBuildExecuter.java:37)
	at org.gradle.execution.DefaultBuildExecuter.execute(DefaultBuildExecuter.java:30)
	at org.gradle.initialization.DefaultGradleLauncher$4.run(DefaultGradleLauncher.java:154)
	at org.gradle.internal.Factories$1.create(Factories.java:22)
	at org.gradle.internal.progress.DefaultBuildOperationExecutor.run(DefaultBuildOperationExecutor.java:90)
	at org.gradle.internal.progress.DefaultBuildOperationExecutor.run(DefaultBuildOperationExecutor.java:52)
	at org.gradle.initialization.DefaultGradleLauncher.doBuildStages(DefaultGradleLauncher.java:151)
	at org.gradle.initialization.DefaultGradleLauncher.access$200(DefaultGradleLauncher.java:32)
	at org.gradle.initialization.DefaultGradleLauncher$1.create(DefaultGradleLauncher.java:99)
	at org.gradle.initialization.DefaultGradleLauncher$1.create(DefaultGradleLauncher.java:93)
	at org.gradle.internal.progress.DefaultBuildOperationExecutor.run(DefaultBuildOperationExecutor.java:90)
	at org.gradle.internal.progress.DefaultBuildOperationExecutor.run(DefaultBuildOperationExecutor.java:62)
	at org.gradle.initialization.DefaultGradleLauncher.doBuild(DefaultGradleLauncher.java:93)
	at org.gradle.initialization.DefaultGradleLauncher.run(DefaultGradleLauncher.java:82)
	at org.gradle.launcher.exec.InProcessBuildActionExecuter$DefaultBuildController.run(InProcessBuildActionExecuter.java:94)
	at org.gradle.tooling.internal.provider.ExecuteBuildActionRunner.run(ExecuteBuildActionRunner.java:28)
	at org.gradle.launcher.exec.ChainingBuildActionRunner.run(ChainingBuildActionRunner.java:35)
	at org.gradle.launcher.exec.InProcessBuildActionExecuter.execute(InProcessBuildActionExecuter.java:43)
	at org.gradle.launcher.exec.InProcessBuildActionExecuter.execute(InProcessBuildActionExecuter.java:28)
	at org.gradle.launcher.exec.ContinuousBuildActionExecuter.execute(ContinuousBuildActionExecuter.java:78)
	at org.gradle.launcher.exec.ContinuousBuildActionExecuter.execute(ContinuousBuildActionExecuter.java:48)
	at org.gradle.launcher.exec.DaemonUsageSuggestingBuildActionExecuter.execute(DaemonUsageSuggestingBuildActionExecuter.java:51)
	at org.gradle.launcher.exec.DaemonUsageSuggestingBuildActionExecuter.execute(DaemonUsageSuggestingBuildActionExecuter.java:28)
	at org.gradle.launcher.cli.RunBuildAction.run(RunBuildAction.java:43)
	at org.gradle.internal.Actions$RunnableActionAdapter.execute(Actions.java:170)
	at org.gradle.launcher.cli.CommandLineActionFactory$ParseAndBuildAction.execute(CommandLineActionFactory.java:237)
	at org.gradle.launcher.cli.CommandLineActionFactory$ParseAndBuildAction.execute(CommandLineActionFactory.java:210)
	at org.gradle.launcher.cli.JavaRuntimeValidationAction.execute(JavaRuntimeValidationAction.java:35)
	at org.gradle.launcher.cli.JavaRuntimeValidationAction.execute(JavaRuntimeValidationAction.java:24)
	at org.gradle.launcher.cli.CommandLineActionFactory$WithLogging.execute(CommandLineActionFactory.java:206)
	at org.gradle.launcher.cli.CommandLineActionFactory$WithLogging.execute(CommandLineActionFactory.java:169)
	at org.gradle.launcher.cli.ExceptionReportingAction.execute(ExceptionReportingAction.java:33)
	at org.gradle.launcher.cli.ExceptionReportingAction.execute(ExceptionReportingAction.java:22)
	at org.gradle.launcher.Main.doAction(Main.java:33)
	at org.gradle.launcher.bootstrap.EntryPoint.run(EntryPoint.java:45)
	at org.gradle.launcher.bootstrap.ProcessBootstrap.runNoExit(ProcessBootstrap.java:54)
	at org.gradle.launcher.bootstrap.ProcessBootstrap.run(ProcessBootstrap.java:35)
	at org.gradle.launcher.GradleMain.main(GradleMain.java:23)
	at org.gradle.wrapper.BootstrapMainStarter.start(BootstrapMainStarter.java:30)
	at org.gradle.wrapper.WrapperExecutor.execute(WrapperExecutor.java:129)
	at org.gradle.wrapper.GradleWrapperMain.main(GradleWrapperMain.java:61)
Caused by: org.gradle.api.internal.tasks.compile.CompilationFailedException: Compilation failed; see the compiler error output for details.
	at org.gradle.api.internal.tasks.compile.JdkJavaCompiler.execute(JdkJavaCompiler.java:47)
	at org.gradle.api.internal.tasks.compile.JdkJavaCompiler.execute(JdkJavaCompiler.java:33)
	at org.gradle.api.internal.tasks.compile.NormalizingJavaCompiler.delegateAndHandleErrors(NormalizingJavaCompiler.java:101)
	at org.gradle.api.internal.tasks.compile.NormalizingJavaCompiler.execute(NormalizingJavaCompiler.java:50)
	at org.gradle.api.internal.tasks.compile.NormalizingJavaCompiler.execute(NormalizingJavaCompiler.java:36)
	at org.gradle.api.internal.tasks.compile.CleaningJavaCompilerSupport.execute(CleaningJavaCompilerSupport.java:34)
	at org.gradle.api.internal.tasks.compile.CleaningJavaCompilerSupport.execute(CleaningJavaCompilerSupport.java:25)
	at org.gradle.api.tasks.compile.JavaCompile.performCompilation(JavaCompile.java:157)
	at org.gradle.api.tasks.compile.JavaCompile.compile(JavaCompile.java:139)
	at org.gradle.api.tasks.compile.JavaCompile.compile(JavaCompile.java:93)
	at com.android.build.gradle.tasks.factory.AndroidJavaCompile.compile(AndroidJavaCompile.java:49)
	at org.gradle.internal.reflect.JavaMethod.invoke(JavaMethod.java:75)
	at org.gradle.api.internal.project.taskfactory.AnnotationProcessingTaskFactory$IncrementalTaskAction.doExecute(AnnotationProcessingTaskFactory.java:244)
	at org.gradle.api.internal.project.taskfactory.AnnotationProcessingTaskFactory$StandardTaskAction.execute(AnnotationProcessingTaskFactory.java:220)
	at org.gradle.api.internal.project.taskfactory.AnnotationProcessingTaskFactory$IncrementalTaskAction.execute(AnnotationProcessingTaskFactory.java:231)
	at org.gradle.api.internal.project.taskfactory.AnnotationProcessingTaskFactory$StandardTaskAction.execute(AnnotationProcessingTaskFactory.java:209)
	at org.gradle.api.internal.tasks.execution.ExecuteActionsTaskExecuter.executeAction(ExecuteActionsTaskExecuter.java:80)
	at org.gradle.api.internal.tasks.execution.ExecuteActionsTaskExecuter.executeActions(ExecuteActionsTaskExecuter.java:61)
	... 60 more


BUILD FAILED

Total time: 38.754 secs

2019-07-08 00:29:43,764 INFO  FullProcessService - Found APK file: /var/folders/bq/vtzpc5ns5sg2cthy61lqpg3dfzgbys/T/1562520517719-0/src/MarkdownEditors-master/apk/app-flavors_release-release.apk
