2018-11-11 20:56:12,689 INFO  DownloadService - Downloading "https://github.com/avraampiperidis/Codeview/archive/master.zip", attempt 3
2018-11-11 20:57:13,695 INFO  GithubDownloadService - Could not find ZIP archive for master branch
2018-11-11 20:57:14,623 INFO  GithubDownloadService - Default branch of this repository: master
2018-11-11 20:57:14,623 INFO  DownloadService - Downloading "https://github.com/avraampiperidis/Codeview/archive/master.zip", attempt 3
2018-11-11 20:58:16,130 DEBUG FullProcessService - Repository https://github.com/avraampiperidis/Codeview available: true
2018-11-11 20:58:16,130 INFO  FullProcessService - Could not download ZIP file from Github, lets clone it
2018-11-11 20:58:16,130 INFO  SysUtils - Execute command: [git, clone, -q, --single-branch, --depth, 1, https://github.com/avraampiperidis/Codeview, /var/folders/bq/vtzpc5ns5sg2cthy61lqpg3dfzgbys/T/1541944572680-0/src]
2018-11-11 20:58:18,148 INFO  SysUtils - 
2018-11-11 20:58:18,179 INFO  GitService - Deleted "/var/folders/bq/vtzpc5ns5sg2cthy61lqpg3dfzgbys/T/1541944572680-0/src/.git": true
2018-11-11 20:58:18,181 INFO  FullProcessService - Size of directory with sources: 217 KB
2018-11-11 20:58:18,181 INFO  SysUtils - Execute command: [git, init, /var/folders/bq/vtzpc5ns5sg2cthy61lqpg3dfzgbys/T/1541944572680-0/src]
2018-11-11 20:58:18,215 INFO  SysUtils - Initialized empty Git repository in /private/var/folders/bq/vtzpc5ns5sg2cthy61lqpg3dfzgbys/T/1541944572680-0/src/.git/

2018-11-11 20:58:18,218 INFO  ProjectBuildService - Gradle wrapper(s): none
2018-11-11 20:58:18,218 ERROR ProjectBuildService - Could not detect Gradle wrapper. Default Gradle installation will be used
2018-11-11 20:58:18,220 INFO  ProjectBuildService - Build script(s): /var/folders/bq/vtzpc5ns5sg2cthy61lqpg3dfzgbys/T/1541944572680-0/src/build.gradle
2018-11-11 20:58:18,222 INFO  ProjectBuildService - All script(s): /var/folders/bq/vtzpc5ns5sg2cthy61lqpg3dfzgbys/T/1541944572680-0/src/build.gradle
2018-11-11 20:58:18,223 INFO  ProjectBuildService - Remote scripts: none
2018-11-11 20:58:18,223 INFO  ProjectFixService - Fixing project...
2018-11-11 20:58:18,228 INFO  LocalPropertiesFixService - Created fake /var/folders/bq/vtzpc5ns5sg2cthy61lqpg3dfzgbys/T/1541944572680-0/src/local.properties
2018-11-11 20:58:18,229 INFO  ProjectFixService - Build info for "/var/folders/bq/vtzpc5ns5sg2cthy61lqpg3dfzgbys/T/1541944572680-0/src/build.gradle": [buildToolsVersion=20.0.0,compileSdkVersion=23,minSdkVersion=10,targetSdkVersion=23]
2018-11-11 20:58:18,229 INFO  ProjectFixService - Project was maybe fixed
2018-11-11 20:58:18,229 INFO  ProjectTaskService - Detecting possible tasks...
2018-11-11 20:58:18,229 INFO  SysUtils - Execute command: [gradle, -b, /var/folders/bq/vtzpc5ns5sg2cthy61lqpg3dfzgbys/T/1541944572680-0/src/build.gradle, -Dorg.gradle.daemon=false, -Dorg.gradle.daemon.performance.enable-monitoring=false, -Dorg.gradle.configureondemand=true, tasks]
2018-11-11 20:58:18,241 ERROR ProjectTaskService - Could not detect possible Gradle tasks: Cannot run program "gradle" (in directory "."): error=2, No such file or directory
2018-11-11 20:58:18,241 INFO  ProjectTaskService - Detected possible tasks: 0
2018-11-11 20:58:18,241 INFO  ProjectTaskService - Excluded tasks (0): none
2018-11-11 20:58:18,241 INFO  SysUtils - Execute command: [gradle, -b, /var/folders/bq/vtzpc5ns5sg2cthy61lqpg3dfzgbys/T/1541944572680-0/src/build.gradle, -Dorg.gradle.daemon=false, -Dorg.gradle.daemon.performance.enable-monitoring=false, -Dorg.gradle.configureondemand=true, --stacktrace, build]
2018-11-11 20:58:18,250 ERROR SysUtils - Could not process external command
java.io.IOException: Cannot run program "gradle" (in directory "."): error=2, No such file or directory
	at java.lang.ProcessBuilder.start(ProcessBuilder.java:1048)
	at java.lang.Runtime.exec(Runtime.java:620)
	at org.apache.commons.exec.launcher.Java13CommandLauncher.exec(Java13CommandLauncher.java:61)
	at org.apache.commons.exec.DefaultExecutor.launch(DefaultExecutor.java:279)
	at org.apache.commons.exec.DefaultExecutor.executeInternal(DefaultExecutor.java:336)
	at org.apache.commons.exec.DefaultExecutor.execute(DefaultExecutor.java:166)
	at com.github.vbauer.apkmaster.util.SysUtils.execute(SysUtils.java:67)
	at com.github.vbauer.apkmaster.util.SysUtils.executeSimple(SysUtils.java:43)
	at com.github.vbauer.apkmaster.service.assembly.ProjectBuildService.buildProject(ProjectBuildService.java:78)
	at com.github.vbauer.apkmaster.service.assembly.ProjectBuildService.buildProject(ProjectBuildService.java:64)
	at com.github.vbauer.apkmaster.service.assembly.ProjectBuildService.buildProject(ProjectBuildService.java:43)
	at com.github.vbauer.apkmaster.service.FullProcessService.build(FullProcessService.java:84)
	at com.github.vbauer.apkmaster.service.FullProcessService.process(FullProcessService.java:34)
	at com.github.vbauer.apkmaster.app.MainApplication.process(MainApplication.java:38)
	at com.github.vbauer.apkmaster.app.MainApplication.main(MainApplication.java:20)
	at sun.reflect.GeneratedMethodAccessor9.invoke(Unknown Source)
	at sun.reflect.DelegatingMethodAccessorImpl.invoke(DelegatingMethodAccessorImpl.java:43)
	at java.lang.reflect.Method.invoke(Method.java:498)
	at com.android.arsenal.util.ReflectionUtils.invoke(ReflectionUtils.java:52)
	at com.android.arsenal.util.ApkMasterUtils.main(ApkMasterUtils.java:30)
	at com.android.arsenal.service.processor.impl.BuildProcessorServiceImpl.buildProject(BuildProcessorServiceImpl.java:196)
	at com.android.arsenal.service.processor.impl.BuildProcessorServiceImpl.build(BuildProcessorServiceImpl.java:130)
	at com.android.arsenal.service.processor.impl.BuildProcessorServiceImpl.lambda$createTasks$1(BuildProcessorServiceImpl.java:113)
	at java.util.concurrent.FutureTask.run(FutureTask.java:266)
	at java.util.concurrent.Executors$RunnableAdapter.call(Executors.java:511)
	at java.util.concurrent.FutureTask.run(FutureTask.java:266)
	at java.util.concurrent.ThreadPoolExecutor.runWorker(ThreadPoolExecutor.java:1149)
	at java.util.concurrent.ThreadPoolExecutor$Worker.run(ThreadPoolExecutor.java:624)
	at java.lang.Thread.run(Thread.java:748)
Caused by: java.io.IOException: error=2, No such file or directory
	at java.lang.UNIXProcess.forkAndExec(Native Method)
	at java.lang.UNIXProcess.<init>(UNIXProcess.java:247)
	at java.lang.ProcessImpl.start(ProcessImpl.java:134)
	at java.lang.ProcessBuilder.start(ProcessBuilder.java:1029)
	... 28 common frames omitted
2018-11-11 20:58:18,250 INFO  SysUtils - 
2018-11-11 20:58:18,253 ERROR FullProcessService - Project build has not produced APK file
2018-11-11 20:58:18,257 ERROR FullProcessService - Could not find generated or existed APK file
